{"/Users/mantaqaaoheen/Desktop/HackReact/FEC2212/config.js": {"path":"/Users/mantaqaaoheen/Desktop/HackReact/FEC2212/config.js","statementMap":{"0":{"start":{"line":1,"column":0},"end":{"line":3,"column":1}}},"fnMap":{},"branchMap":{},"s":{"0":4},"f":{},"b":{},"_coverageSchema":"1a1c01bbd47fc00a2c39e90264f33305004495a9","hash":"ec1dd65e6ae85614c16bc523be9c3c92db089d89"}
,"/Users/mantaqaaoheen/Desktop/HackReact/FEC2212/styleMock.js": {"path":"/Users/mantaqaaoheen/Desktop/HackReact/FEC2212/styleMock.js","statementMap":{},"fnMap":{},"branchMap":{},"s":{},"f":{},"b":{},"_coverageSchema":"1a1c01bbd47fc00a2c39e90264f33305004495a9","hash":"66021d2730e033b720dc644f66edfc70493e6f3d"}
,"/Users/mantaqaaoheen/Desktop/HackReact/FEC2212/src/App.jsx": {"path":"/Users/mantaqaaoheen/Desktop/HackReact/FEC2212/src/App.jsx","statementMap":{"0":{"start":{"line":6,"column":14},"end":{"line":6,"column":30}},"1":{"start":{"line":11,"column":41},"end":{"line":11,"column":53}},"2":{"start":{"line":12,"column":33},"end":{"line":12,"column":45}},"3":{"start":{"line":13,"column":37},"end":{"line":13,"column":49}},"4":{"start":{"line":14,"column":49},"end":{"line":14,"column":93}},"5":{"start":{"line":15,"column":49},"end":{"line":15,"column":59}},"6":{"start":{"line":16,"column":40},"end":{"line":16,"column":52}},"7":{"start":{"line":17,"column":34},"end":{"line":17,"column":46}},"8":{"start":{"line":18,"column":44},"end":{"line":18,"column":56}},"9":{"start":{"line":19,"column":40},"end":{"line":19,"column":60}},"10":{"start":{"line":20,"column":29},"end":{"line":20,"column":41}},"11":{"start":{"line":22,"column":2},"end":{"line":52,"column":9}},"12":{"start":{"line":23,"column":4},"end":{"line":48,"column":7}},"13":{"start":{"line":27,"column":6},"end":{"line":27,"column":32}},"14":{"start":{"line":28,"column":6},"end":{"line":28,"column":32}},"15":{"start":{"line":31,"column":6},"end":{"line":38,"column":8}},"16":{"start":{"line":35,"column":8},"end":{"line":35,"column":40}},"17":{"start":{"line":36,"column":8},"end":{"line":36,"column":51}},"18":{"start":{"line":37,"column":8},"end":{"line":37,"column":65}},"19":{"start":{"line":54,"column":2},"end":{"line":82,"column":29}},"20":{"start":{"line":55,"column":4},"end":{"line":79,"column":5}},"21":{"start":{"line":56,"column":6},"end":{"line":67,"column":9}},"22":{"start":{"line":63,"column":8},"end":{"line":63,"column":41}},"23":{"start":{"line":66,"column":8},"end":{"line":66,"column":18}},"24":{"start":{"line":68,"column":6},"end":{"line":78,"column":9}},"25":{"start":{"line":73,"column":8},"end":{"line":73,"column":31}},"26":{"start":{"line":77,"column":8},"end":{"line":77,"column":18}},"27":{"start":{"line":84,"column":2},"end":{"line":93,"column":16}},"28":{"start":{"line":85,"column":4},"end":{"line":92,"column":5}},"29":{"start":{"line":86,"column":6},"end":{"line":91,"column":39}},"30":{"start":{"line":90,"column":23},"end":{"line":90,"column":58}},"31":{"start":{"line":91,"column":22},"end":{"line":91,"column":38}},"32":{"start":{"line":95,"column":2},"end":{"line":102,"column":4}}},"fnMap":{"0":{"name":"App","decl":{"start":{"line":9,"column":9},"end":{"line":9,"column":12}},"loc":{"start":{"line":9,"column":15},"end":{"line":103,"column":1}},"line":9},"1":{"name":"(anonymous_1)","decl":{"start":{"line":22,"column":12},"end":{"line":22,"column":13}},"loc":{"start":{"line":22,"column":18},"end":{"line":52,"column":3}},"line":22},"2":{"name":"(anonymous_2)","decl":{"start":{"line":26,"column":10},"end":{"line":26,"column":11}},"loc":{"start":{"line":26,"column":20},"end":{"line":45,"column":5}},"line":26},"3":{"name":"(anonymous_3)","decl":{"start":{"line":34,"column":12},"end":{"line":34,"column":13}},"loc":{"start":{"line":34,"column":22},"end":{"line":38,"column":7}},"line":34},"4":{"name":"(anonymous_4)","decl":{"start":{"line":46,"column":11},"end":{"line":46,"column":12}},"loc":{"start":{"line":46,"column":20},"end":{"line":48,"column":5}},"line":46},"5":{"name":"(anonymous_5)","decl":{"start":{"line":54,"column":12},"end":{"line":54,"column":13}},"loc":{"start":{"line":54,"column":18},"end":{"line":82,"column":3}},"line":54},"6":{"name":"(anonymous_6)","decl":{"start":{"line":61,"column":12},"end":{"line":61,"column":13}},"loc":{"start":{"line":61,"column":22},"end":{"line":64,"column":7}},"line":61},"7":{"name":"(anonymous_7)","decl":{"start":{"line":65,"column":13},"end":{"line":65,"column":14}},"loc":{"start":{"line":65,"column":22},"end":{"line":67,"column":7}},"line":65},"8":{"name":"(anonymous_8)","decl":{"start":{"line":72,"column":12},"end":{"line":72,"column":13}},"loc":{"start":{"line":72,"column":22},"end":{"line":75,"column":7}},"line":72},"9":{"name":"(anonymous_9)","decl":{"start":{"line":76,"column":13},"end":{"line":76,"column":14}},"loc":{"start":{"line":76,"column":22},"end":{"line":78,"column":7}},"line":76},"10":{"name":"(anonymous_10)","decl":{"start":{"line":84,"column":12},"end":{"line":84,"column":13}},"loc":{"start":{"line":84,"column":18},"end":{"line":93,"column":3}},"line":84},"11":{"name":"(anonymous_11)","decl":{"start":{"line":90,"column":12},"end":{"line":90,"column":13}},"loc":{"start":{"line":90,"column":22},"end":{"line":90,"column":59}},"line":90},"12":{"name":"(anonymous_12)","decl":{"start":{"line":91,"column":13},"end":{"line":91,"column":14}},"loc":{"start":{"line":91,"column":22},"end":{"line":91,"column":38}},"line":91}},"branchMap":{"0":{"loc":{"start":{"line":55,"column":4},"end":{"line":79,"column":5}},"type":"if","locations":[{"start":{"line":55,"column":4},"end":{"line":79,"column":5}},{"start":{},"end":{}}],"line":55},"1":{"loc":{"start":{"line":85,"column":4},"end":{"line":92,"column":5}},"type":"if","locations":[{"start":{"line":85,"column":4},"end":{"line":92,"column":5}},{"start":{},"end":{}}],"line":85}},"s":{"0":4,"1":4,"2":4,"3":4,"4":4,"5":4,"6":4,"7":4,"8":4,"9":4,"10":4,"11":4,"12":4,"13":0,"14":0,"15":0,"16":0,"17":0,"18":0,"19":4,"20":4,"21":0,"22":0,"23":0,"24":0,"25":0,"26":0,"27":4,"28":4,"29":0,"30":0,"31":0,"32":4},"f":{"0":4,"1":4,"2":0,"3":0,"4":0,"5":4,"6":0,"7":0,"8":0,"9":0,"10":4,"11":0,"12":0},"b":{"0":[0,4],"1":[0,4]},"_coverageSchema":"1a1c01bbd47fc00a2c39e90264f33305004495a9","hash":"24fb7ec5f8862eab6170fa8083ddc1defd0450e4"}
,"/Users/mantaqaaoheen/Desktop/HackReact/FEC2212/src/Components/OVCarouselImage.jsx": {"path":"/Users/mantaqaaoheen/Desktop/HackReact/FEC2212/src/Components/OVCarouselImage.jsx","statementMap":{"0":{"start":{"line":4,"column":14},"end":{"line":4,"column":18}},"1":{"start":{"line":5,"column":18},"end":{"line":5,"column":20}},"2":{"start":{"line":6,"column":20},"end":{"line":6,"column":25}},"3":{"start":{"line":7,"column":2},"end":{"line":11,"column":3}},"4":{"start":{"line":8,"column":4},"end":{"line":8,"column":34}},"5":{"start":{"line":9,"column":4},"end":{"line":9,"column":24}},"6":{"start":{"line":10,"column":4},"end":{"line":10,"column":35}},"7":{"start":{"line":14,"column":22},"end":{"line":17,"column":3}},"8":{"start":{"line":15,"column":4},"end":{"line":15,"column":73}},"9":{"start":{"line":16,"column":4},"end":{"line":16,"column":35}},"10":{"start":{"line":18,"column":2},"end":{"line":22,"column":3}}},"fnMap":{"0":{"name":"OVCarouselImage","decl":{"start":{"line":3,"column":9},"end":{"line":3,"column":24}},"loc":{"start":{"line":3,"column":33},"end":{"line":23,"column":1}},"line":3},"1":{"name":"(anonymous_1)","decl":{"start":{"line":14,"column":22},"end":{"line":14,"column":23}},"loc":{"start":{"line":14,"column":28},"end":{"line":17,"column":3}},"line":14}},"branchMap":{"0":{"loc":{"start":{"line":7,"column":2},"end":{"line":11,"column":3}},"type":"if","locations":[{"start":{"line":7,"column":2},"end":{"line":11,"column":3}},{"start":{},"end":{}}],"line":7},"1":{"loc":{"start":{"line":20,"column":15},"end":{"line":20,"column":32}},"type":"binary-expr","locations":[{"start":{"line":20,"column":15},"end":{"line":20,"column":20}},{"start":{"line":20,"column":24},"end":{"line":20,"column":32}}],"line":20}},"s":{"0":24,"1":24,"2":24,"3":24,"4":24,"5":24,"6":24,"7":24,"8":0,"9":0,"10":24},"f":{"0":24,"1":0},"b":{"0":[24,0],"1":[24,0]},"_coverageSchema":"1a1c01bbd47fc00a2c39e90264f33305004495a9","hash":"d73728573839df196d214df883745c5c83a8c7b3"}
,"/Users/mantaqaaoheen/Desktop/HackReact/FEC2212/src/Components/OVImages.jsx": {"path":"/Users/mantaqaaoheen/Desktop/HackReact/FEC2212/src/Components/OVImages.jsx","statementMap":{"0":{"start":{"line":7,"column":38},"end":{"line":7,"column":49}},"1":{"start":{"line":8,"column":36},"end":{"line":8,"column":51}},"2":{"start":{"line":9,"column":38},"end":{"line":9,"column":55}},"3":{"start":{"line":10,"column":38},"end":{"line":10,"column":61}},"4":{"start":{"line":11,"column":36},"end":{"line":11,"column":58}},"5":{"start":{"line":12,"column":39},"end":{"line":12,"column":65}},"6":{"start":{"line":14,"column":13},"end":{"line":14,"column":16}},"7":{"start":{"line":15,"column":13},"end":{"line":15,"column":16}},"8":{"start":{"line":19,"column":2},"end":{"line":21,"column":28}},"9":{"start":{"line":20,"column":4},"end":{"line":20,"column":18}},"10":{"start":{"line":24,"column":26},"end":{"line":26,"column":3}},"11":{"start":{"line":25,"column":4},"end":{"line":25,"column":23}},"12":{"start":{"line":29,"column":2},"end":{"line":36,"column":4}},"13":{"start":{"line":30,"column":4},"end":{"line":35,"column":5}},"14":{"start":{"line":31,"column":6},"end":{"line":31,"column":36}},"15":{"start":{"line":32,"column":6},"end":{"line":32,"column":29}},"16":{"start":{"line":33,"column":6},"end":{"line":33,"column":35}},"17":{"start":{"line":34,"column":6},"end":{"line":34,"column":33}},"18":{"start":{"line":39,"column":21},"end":{"line":57,"column":3}},"19":{"start":{"line":40,"column":4},"end":{"line":56,"column":5}},"20":{"start":{"line":41,"column":6},"end":{"line":41,"column":45}},"21":{"start":{"line":42,"column":6},"end":{"line":42,"column":38}},"22":{"start":{"line":43,"column":6},"end":{"line":43,"column":44}},"23":{"start":{"line":44,"column":6},"end":{"line":44,"column":42}},"24":{"start":{"line":45,"column":11},"end":{"line":56,"column":5}},"25":{"start":{"line":46,"column":6},"end":{"line":46,"column":36}},"26":{"start":{"line":47,"column":6},"end":{"line":47,"column":36}},"27":{"start":{"line":48,"column":6},"end":{"line":48,"column":40}},"28":{"start":{"line":49,"column":6},"end":{"line":49,"column":38}},"29":{"start":{"line":52,"column":6},"end":{"line":52,"column":45}},"30":{"start":{"line":53,"column":6},"end":{"line":53,"column":38}},"31":{"start":{"line":54,"column":6},"end":{"line":54,"column":44}},"32":{"start":{"line":55,"column":6},"end":{"line":55,"column":42}},"33":{"start":{"line":60,"column":2},"end":{"line":64,"column":3}},"34":{"start":{"line":61,"column":4},"end":{"line":61,"column":14}},"35":{"start":{"line":63,"column":4},"end":{"line":63,"column":14}},"36":{"start":{"line":66,"column":17},"end":{"line":66,"column":73}},"37":{"start":{"line":67,"column":2},"end":{"line":72,"column":3}},"38":{"start":{"line":68,"column":4},"end":{"line":68,"column":15}},"39":{"start":{"line":71,"column":4},"end":{"line":71,"column":15}},"40":{"start":{"line":74,"column":17},"end":{"line":74,"column":30}},"41":{"start":{"line":76,"column":20},"end":{"line":81,"column":3}},"42":{"start":{"line":77,"column":4},"end":{"line":77,"column":28}},"43":{"start":{"line":78,"column":4},"end":{"line":78,"column":15}},"44":{"start":{"line":79,"column":4},"end":{"line":79,"column":26}},"45":{"start":{"line":80,"column":4},"end":{"line":80,"column":73}},"46":{"start":{"line":83,"column":21},"end":{"line":88,"column":3}},"47":{"start":{"line":84,"column":4},"end":{"line":84,"column":28}},"48":{"start":{"line":85,"column":4},"end":{"line":85,"column":15}},"49":{"start":{"line":86,"column":4},"end":{"line":86,"column":26}},"50":{"start":{"line":87,"column":4},"end":{"line":87,"column":73}},"51":{"start":{"line":104,"column":0},"end":{"line":114,"column":16}},"52":{"start":{"line":105,"column":12},"end":{"line":105,"column":51}},"53":{"start":{"line":106,"column":2},"end":{"line":113,"column":3}},"54":{"start":{"line":107,"column":4},"end":{"line":112,"column":6}},"55":{"start":{"line":109,"column":16},"end":{"line":109,"column":47}},"56":{"start":{"line":110,"column":16},"end":{"line":110,"column":46}},"57":{"start":{"line":111,"column":6},"end":{"line":111,"column":67}},"58":{"start":{"line":117,"column":2},"end":{"line":134,"column":3}},"59":{"start":{"line":123,"column":12},"end":{"line":123,"column":275}}},"fnMap":{"0":{"name":"OVImages","decl":{"start":{"line":5,"column":9},"end":{"line":5,"column":17}},"loc":{"start":{"line":5,"column":26},"end":{"line":135,"column":1}},"line":5},"1":{"name":"(anonymous_1)","decl":{"start":{"line":19,"column":12},"end":{"line":19,"column":13}},"loc":{"start":{"line":19,"column":18},"end":{"line":21,"column":3}},"line":19},"2":{"name":"(anonymous_2)","decl":{"start":{"line":24,"column":26},"end":{"line":24,"column":27}},"loc":{"start":{"line":24,"column":37},"end":{"line":26,"column":3}},"line":24},"3":{"name":"(anonymous_3)","decl":{"start":{"line":29,"column":39},"end":{"line":29,"column":40}},"loc":{"start":{"line":29,"column":46},"end":{"line":36,"column":3}},"line":29},"4":{"name":"(anonymous_4)","decl":{"start":{"line":39,"column":21},"end":{"line":39,"column":22}},"loc":{"start":{"line":39,"column":27},"end":{"line":57,"column":3}},"line":39},"5":{"name":"(anonymous_5)","decl":{"start":{"line":76,"column":20},"end":{"line":76,"column":21}},"loc":{"start":{"line":76,"column":26},"end":{"line":81,"column":3}},"line":76},"6":{"name":"(anonymous_6)","decl":{"start":{"line":83,"column":21},"end":{"line":83,"column":22}},"loc":{"start":{"line":83,"column":27},"end":{"line":88,"column":3}},"line":83},"7":{"name":"(anonymous_7)","decl":{"start":{"line":104,"column":10},"end":{"line":104,"column":11}},"loc":{"start":{"line":104,"column":16},"end":{"line":114,"column":1}},"line":104},"8":{"name":"(anonymous_8)","decl":{"start":{"line":107,"column":43},"end":{"line":107,"column":44}},"loc":{"start":{"line":107,"column":50},"end":{"line":112,"column":5}},"line":107},"9":{"name":"(anonymous_9)","decl":{"start":{"line":122,"column":42},"end":{"line":122,"column":43}},"loc":{"start":{"line":122,"column":56},"end":{"line":124,"column":11}},"line":122}},"branchMap":{"0":{"loc":{"start":{"line":30,"column":4},"end":{"line":35,"column":5}},"type":"if","locations":[{"start":{"line":30,"column":4},"end":{"line":35,"column":5}},{"start":{},"end":{}}],"line":30},"1":{"loc":{"start":{"line":40,"column":4},"end":{"line":56,"column":5}},"type":"if","locations":[{"start":{"line":40,"column":4},"end":{"line":56,"column":5}},{"start":{"line":45,"column":11},"end":{"line":56,"column":5}}],"line":40},"2":{"loc":{"start":{"line":45,"column":11},"end":{"line":56,"column":5}},"type":"if","locations":[{"start":{"line":45,"column":11},"end":{"line":56,"column":5}},{"start":{"line":51,"column":11},"end":{"line":56,"column":5}}],"line":45},"3":{"loc":{"start":{"line":60,"column":2},"end":{"line":64,"column":3}},"type":"if","locations":[{"start":{"line":60,"column":2},"end":{"line":64,"column":3}},{"start":{"line":62,"column":9},"end":{"line":64,"column":3}}],"line":60},"4":{"loc":{"start":{"line":66,"column":17},"end":{"line":66,"column":73}},"type":"binary-expr","locations":[{"start":{"line":66,"column":17},"end":{"line":66,"column":68}},{"start":{"line":66,"column":72},"end":{"line":66,"column":73}}],"line":66},"5":{"loc":{"start":{"line":67,"column":2},"end":{"line":72,"column":3}},"type":"if","locations":[{"start":{"line":67,"column":2},"end":{"line":72,"column":3}},{"start":{"line":69,"column":9},"end":{"line":72,"column":3}}],"line":67},"6":{"loc":{"start":{"line":74,"column":17},"end":{"line":74,"column":30}},"type":"binary-expr","locations":[{"start":{"line":74,"column":17},"end":{"line":74,"column":25}},{"start":{"line":74,"column":29},"end":{"line":74,"column":30}}],"line":74},"7":{"loc":{"start":{"line":106,"column":2},"end":{"line":113,"column":3}},"type":"if","locations":[{"start":{"line":106,"column":2},"end":{"line":113,"column":3}},{"start":{},"end":{}}],"line":106}},"s":{"0":4,"1":4,"2":4,"3":4,"4":4,"5":4,"6":4,"7":4,"8":4,"9":4,"10":4,"11":0,"12":4,"13":0,"14":0,"15":0,"16":0,"17":0,"18":4,"19":0,"20":0,"21":0,"22":0,"23":0,"24":0,"25":0,"26":0,"27":0,"28":0,"29":0,"30":0,"31":0,"32":0,"33":4,"34":4,"35":0,"36":4,"37":4,"38":4,"39":0,"40":4,"41":4,"42":0,"43":0,"44":0,"45":0,"46":4,"47":0,"48":0,"49":0,"50":0,"51":4,"52":4,"53":4,"54":0,"55":0,"56":0,"57":0,"58":4,"59":24},"f":{"0":4,"1":4,"2":0,"3":0,"4":0,"5":0,"6":0,"7":4,"8":0,"9":24},"b":{"0":[0,0],"1":[0,0],"2":[0,0],"3":[4,0],"4":[4,0],"5":[4,0],"6":[4,4],"7":[0,4]},"_coverageSchema":"1a1c01bbd47fc00a2c39e90264f33305004495a9","hash":"66f5b79e387b1cb6574915816446d4380e390aa8"}
,"/Users/mantaqaaoheen/Desktop/HackReact/FEC2212/src/Components/OVProd.jsx": {"path":"/Users/mantaqaaoheen/Desktop/HackReact/FEC2212/src/Components/OVProd.jsx","statementMap":{"0":{"start":{"line":7,"column":14},"end":{"line":7,"column":30}},"1":{"start":{"line":14,"column":4},"end":{"line":22,"column":7}},"2":{"start":{"line":18,"column":6},"end":{"line":18,"column":38}},"3":{"start":{"line":21,"column":6},"end":{"line":21,"column":32}},"4":{"start":{"line":26,"column":2},"end":{"line":35,"column":3}}},"fnMap":{"0":{"name":"OVProd","decl":{"start":{"line":9,"column":9},"end":{"line":9,"column":15}},"loc":{"start":{"line":9,"column":24},"end":{"line":36,"column":1}},"line":9},"1":{"name":"handleClick","decl":{"start":{"line":13,"column":11},"end":{"line":13,"column":22}},"loc":{"start":{"line":13,"column":26},"end":{"line":24,"column":3}},"line":13},"2":{"name":"(anonymous_2)","decl":{"start":{"line":17,"column":10},"end":{"line":17,"column":11}},"loc":{"start":{"line":17,"column":20},"end":{"line":19,"column":5}},"line":17},"3":{"name":"(anonymous_3)","decl":{"start":{"line":20,"column":11},"end":{"line":20,"column":12}},"loc":{"start":{"line":20,"column":20},"end":{"line":22,"column":5}},"line":20}},"branchMap":{},"s":{"0":4,"1":0,"2":0,"3":0,"4":4},"f":{"0":4,"1":0,"2":0,"3":0},"b":{},"_coverageSchema":"1a1c01bbd47fc00a2c39e90264f33305004495a9","hash":"c78ed7c88e7b61f8019cf6e74e0d76b5aa001125"}
,"/Users/mantaqaaoheen/Desktop/HackReact/FEC2212/src/Components/OVProdInfo.jsx": {"path":"/Users/mantaqaaoheen/Desktop/HackReact/FEC2212/src/Components/OVProdInfo.jsx","statementMap":{"0":{"start":{"line":10,"column":17},"end":{"line":10,"column":22}},"1":{"start":{"line":11,"column":18},"end":{"line":11,"column":59}},"2":{"start":{"line":12,"column":18},"end":{"line":12,"column":25}},"3":{"start":{"line":14,"column":44},"end":{"line":14,"column":56}},"4":{"start":{"line":15,"column":34},"end":{"line":15,"column":46}},"5":{"start":{"line":16,"column":30},"end":{"line":16,"column":42}},"6":{"start":{"line":17,"column":37},"end":{"line":17,"column":51}},"7":{"start":{"line":18,"column":26},"end":{"line":18,"column":38}},"8":{"start":{"line":19,"column":28},"end":{"line":19,"column":45}},"9":{"start":{"line":22,"column":14},"end":{"line":22,"column":16}},"10":{"start":{"line":23,"column":13},"end":{"line":23,"column":15}},"11":{"start":{"line":24,"column":15},"end":{"line":24,"column":17}},"12":{"start":{"line":29,"column":22},"end":{"line":47,"column":5}},"13":{"start":{"line":30,"column":18},"end":{"line":38,"column":5}},"14":{"start":{"line":39,"column":19},"end":{"line":39,"column":23}},"15":{"start":{"line":40,"column":4},"end":{"line":42,"column":5}},"16":{"start":{"line":41,"column":6},"end":{"line":41,"column":73}},"17":{"start":{"line":44,"column":4},"end":{"line":44,"column":27}},"18":{"start":{"line":45,"column":4},"end":{"line":45,"column":22}},"19":{"start":{"line":50,"column":29},"end":{"line":53,"column":3}},"20":{"start":{"line":51,"column":4},"end":{"line":51,"column":40}},"21":{"start":{"line":52,"column":4},"end":{"line":52,"column":22}},"22":{"start":{"line":56,"column":23},"end":{"line":77,"column":3}},"23":{"start":{"line":57,"column":12},"end":{"line":57,"column":13}},"24":{"start":{"line":58,"column":4},"end":{"line":58,"column":15}},"25":{"start":{"line":60,"column":4},"end":{"line":75,"column":5}},"26":{"start":{"line":61,"column":4},"end":{"line":64,"column":5}},"27":{"start":{"line":62,"column":6},"end":{"line":62,"column":20}},"28":{"start":{"line":63,"column":6},"end":{"line":63,"column":10}},"29":{"start":{"line":67,"column":4},"end":{"line":67,"column":73}},"30":{"start":{"line":68,"column":4},"end":{"line":68,"column":40}},"31":{"start":{"line":69,"column":4},"end":{"line":69,"column":18}},"32":{"start":{"line":70,"column":4},"end":{"line":70,"column":26}},"33":{"start":{"line":79,"column":2},"end":{"line":81,"column":3}},"34":{"start":{"line":84,"column":2},"end":{"line":88,"column":3}},"35":{"start":{"line":85,"column":4},"end":{"line":85,"column":56}},"36":{"start":{"line":86,"column":4},"end":{"line":86,"column":55}},"37":{"start":{"line":87,"column":4},"end":{"line":87,"column":22}},"38":{"start":{"line":90,"column":20},"end":{"line":90,"column":23}},"39":{"start":{"line":92,"column":13},"end":{"line":92,"column":27}},"40":{"start":{"line":95,"column":16},"end":{"line":95,"column":67}},"41":{"start":{"line":99,"column":2},"end":{"line":112,"column":3}},"42":{"start":{"line":100,"column":4},"end":{"line":100,"column":71}},"43":{"start":{"line":101,"column":4},"end":{"line":101,"column":70}},"44":{"start":{"line":102,"column":4},"end":{"line":102,"column":68}},"45":{"start":{"line":103,"column":4},"end":{"line":105,"column":5}},"46":{"start":{"line":107,"column":4},"end":{"line":110,"column":5}},"47":{"start":{"line":108,"column":6},"end":{"line":108,"column":77}},"48":{"start":{"line":109,"column":6},"end":{"line":109,"column":57}},"49":{"start":{"line":111,"column":4},"end":{"line":111,"column":25}},"50":{"start":{"line":114,"column":22},"end":{"line":121,"column":3}},"51":{"start":{"line":120,"column":4},"end":{"line":120,"column":21}},"52":{"start":{"line":123,"column":17},"end":{"line":123,"column":31}},"53":{"start":{"line":124,"column":13},"end":{"line":124,"column":14}},"54":{"start":{"line":125,"column":13},"end":{"line":125,"column":14}},"55":{"start":{"line":126,"column":14},"end":{"line":126,"column":15}},"56":{"start":{"line":127,"column":12},"end":{"line":127,"column":13}},"57":{"start":{"line":128,"column":12},"end":{"line":128,"column":13}},"58":{"start":{"line":129,"column":12},"end":{"line":129,"column":13}},"59":{"start":{"line":130,"column":24},"end":{"line":130,"column":25}},"60":{"start":{"line":131,"column":21},"end":{"line":131,"column":22}},"61":{"start":{"line":134,"column":2},"end":{"line":142,"column":3}},"62":{"start":{"line":135,"column":4},"end":{"line":135,"column":41}},"63":{"start":{"line":136,"column":4},"end":{"line":136,"column":41}},"64":{"start":{"line":137,"column":4},"end":{"line":137,"column":42}},"65":{"start":{"line":138,"column":4},"end":{"line":138,"column":40}},"66":{"start":{"line":139,"column":4},"end":{"line":139,"column":40}},"67":{"start":{"line":140,"column":4},"end":{"line":140,"column":60}},"68":{"start":{"line":141,"column":4},"end":{"line":141,"column":56}},"69":{"start":{"line":145,"column":2},"end":{"line":145,"column":40}},"70":{"start":{"line":147,"column":21},"end":{"line":147,"column":130}},"71":{"start":{"line":151,"column":17},"end":{"line":151,"column":47}},"72":{"start":{"line":152,"column":19},"end":{"line":152,"column":48}},"73":{"start":{"line":155,"column":2},"end":{"line":245,"column":3}},"74":{"start":{"line":190,"column":10},"end":{"line":190,"column":360}},"75":{"start":{"line":201,"column":10},"end":{"line":201,"column":76}},"76":{"start":{"line":208,"column":12},"end":{"line":208,"column":65}}},"fnMap":{"0":{"name":"OVProdInfo","decl":{"start":{"line":9,"column":9},"end":{"line":9,"column":19}},"loc":{"start":{"line":9,"column":28},"end":{"line":246,"column":1}},"line":9},"1":{"name":"(anonymous_1)","decl":{"start":{"line":29,"column":22},"end":{"line":29,"column":23}},"loc":{"start":{"line":29,"column":28},"end":{"line":47,"column":5}},"line":29},"2":{"name":"(anonymous_2)","decl":{"start":{"line":50,"column":29},"end":{"line":50,"column":30}},"loc":{"start":{"line":50,"column":36},"end":{"line":53,"column":3}},"line":50},"3":{"name":"(anonymous_3)","decl":{"start":{"line":56,"column":23},"end":{"line":56,"column":24}},"loc":{"start":{"line":56,"column":30},"end":{"line":77,"column":3}},"line":56},"4":{"name":"(anonymous_4)","decl":{"start":{"line":114,"column":22},"end":{"line":114,"column":23}},"loc":{"start":{"line":114,"column":28},"end":{"line":121,"column":3}},"line":114},"5":{"name":"(anonymous_5)","decl":{"start":{"line":189,"column":30},"end":{"line":189,"column":31}},"loc":{"start":{"line":189,"column":48},"end":{"line":191,"column":9}},"line":189},"6":{"name":"(anonymous_6)","decl":{"start":{"line":200,"column":34},"end":{"line":200,"column":35}},"loc":{"start":{"line":200,"column":43},"end":{"line":202,"column":9}},"line":200},"7":{"name":"(anonymous_7)","decl":{"start":{"line":207,"column":31},"end":{"line":207,"column":32}},"loc":{"start":{"line":207,"column":47},"end":{"line":209,"column":11}},"line":207}},"branchMap":{"0":{"loc":{"start":{"line":40,"column":4},"end":{"line":42,"column":5}},"type":"if","locations":[{"start":{"line":40,"column":4},"end":{"line":42,"column":5}},{"start":{},"end":{}}],"line":40},"1":{"loc":{"start":{"line":60,"column":4},"end":{"line":75,"column":5}},"type":"if","locations":[{"start":{"line":60,"column":4},"end":{"line":75,"column":5}},{"start":{"line":72,"column":9},"end":{"line":75,"column":5}}],"line":60},"2":{"loc":{"start":{"line":61,"column":11},"end":{"line":61,"column":57}},"type":"binary-expr","locations":[{"start":{"line":61,"column":11},"end":{"line":61,"column":48}},{"start":{"line":61,"column":52},"end":{"line":61,"column":57}}],"line":61},"3":{"loc":{"start":{"line":79,"column":2},"end":{"line":81,"column":3}},"type":"if","locations":[{"start":{"line":79,"column":2},"end":{"line":81,"column":3}},{"start":{},"end":{}}],"line":79},"4":{"loc":{"start":{"line":84,"column":2},"end":{"line":88,"column":3}},"type":"if","locations":[{"start":{"line":84,"column":2},"end":{"line":88,"column":3}},{"start":{},"end":{}}],"line":84},"5":{"loc":{"start":{"line":95,"column":16},"end":{"line":95,"column":67}},"type":"binary-expr","locations":[{"start":{"line":95,"column":16},"end":{"line":95,"column":41}},{"start":{"line":95,"column":45},"end":{"line":95,"column":67}}],"line":95},"6":{"loc":{"start":{"line":99,"column":2},"end":{"line":112,"column":3}},"type":"if","locations":[{"start":{"line":99,"column":2},"end":{"line":112,"column":3}},{"start":{},"end":{}}],"line":99},"7":{"loc":{"start":{"line":103,"column":4},"end":{"line":105,"column":5}},"type":"if","locations":[{"start":{"line":103,"column":4},"end":{"line":105,"column":5}},{"start":{},"end":{}}],"line":103},"8":{"loc":{"start":{"line":107,"column":4},"end":{"line":110,"column":5}},"type":"if","locations":[{"start":{"line":107,"column":4},"end":{"line":110,"column":5}},{"start":{},"end":{}}],"line":107},"9":{"loc":{"start":{"line":107,"column":8},"end":{"line":107,"column":103}},"type":"binary-expr","locations":[{"start":{"line":107,"column":8},"end":{"line":107,"column":52}},{"start":{"line":107,"column":56},"end":{"line":107,"column":103}}],"line":107},"10":{"loc":{"start":{"line":134,"column":2},"end":{"line":142,"column":3}},"type":"if","locations":[{"start":{"line":134,"column":2},"end":{"line":142,"column":3}},{"start":{},"end":{}}],"line":134}},"s":{"0":4,"1":4,"2":4,"3":4,"4":4,"5":4,"6":4,"7":4,"8":4,"9":4,"10":4,"11":4,"12":4,"13":0,"14":0,"15":0,"16":0,"17":0,"18":0,"19":4,"20":0,"21":0,"22":4,"23":0,"24":0,"25":0,"26":0,"27":0,"28":0,"29":0,"30":0,"31":0,"32":0,"33":4,"34":4,"35":0,"36":0,"37":0,"38":4,"39":4,"40":4,"41":4,"42":0,"43":0,"44":0,"45":0,"46":0,"47":0,"48":0,"49":0,"50":4,"51":0,"52":4,"53":4,"54":4,"55":4,"56":4,"57":4,"58":4,"59":4,"60":4,"61":4,"62":0,"63":0,"64":0,"65":0,"66":0,"67":0,"68":0,"69":4,"70":4,"71":4,"72":4,"73":4,"74":0,"75":4,"76":0},"f":{"0":4,"1":0,"2":0,"3":0,"4":0,"5":0,"6":4,"7":0},"b":{"0":[0,0],"1":[0,0],"2":[0,0],"3":[4,0],"4":[0,4],"5":[4,4],"6":[0,4],"7":[0,0],"8":[0,0],"9":[0,0],"10":[0,4]},"_coverageSchema":"1a1c01bbd47fc00a2c39e90264f33305004495a9","hash":"74b60bd03a22c98dcdea10cc0440a49428c288d5"}
,"/Users/mantaqaaoheen/Desktop/HackReact/FEC2212/src/Components/OVStyle.jsx": {"path":"/Users/mantaqaaoheen/Desktop/HackReact/FEC2212/src/Components/OVStyle.jsx","statementMap":{"0":{"start":{"line":5,"column":14},"end":{"line":5,"column":28}},"1":{"start":{"line":8,"column":4},"end":{"line":8,"column":58}},"2":{"start":{"line":9,"column":4},"end":{"line":9,"column":26}},"3":{"start":{"line":10,"column":4},"end":{"line":10,"column":44}},"4":{"start":{"line":11,"column":4},"end":{"line":11,"column":72}},"5":{"start":{"line":14,"column":2},"end":{"line":16,"column":3}},"6":{"start":{"line":15,"column":4},"end":{"line":15,"column":17}},"7":{"start":{"line":18,"column":2},"end":{"line":23,"column":3}}},"fnMap":{"0":{"name":"OVStyle","decl":{"start":{"line":3,"column":9},"end":{"line":3,"column":16}},"loc":{"start":{"line":3,"column":25},"end":{"line":24,"column":1}},"line":3},"1":{"name":"handleClick","decl":{"start":{"line":7,"column":11},"end":{"line":7,"column":22}},"loc":{"start":{"line":7,"column":26},"end":{"line":12,"column":3}},"line":7}},"branchMap":{"0":{"loc":{"start":{"line":5,"column":14},"end":{"line":5,"column":28}},"type":"binary-expr","locations":[{"start":{"line":5,"column":14},"end":{"line":5,"column":19}},{"start":{"line":5,"column":23},"end":{"line":5,"column":28}}],"line":5},"1":{"loc":{"start":{"line":14,"column":2},"end":{"line":16,"column":3}},"type":"if","locations":[{"start":{"line":14,"column":2},"end":{"line":16,"column":3}},{"start":{},"end":{}}],"line":14},"2":{"loc":{"start":{"line":20,"column":27},"end":{"line":20,"column":43}},"type":"cond-expr","locations":[{"start":{"line":20,"column":35},"end":{"line":20,"column":38}},{"start":{"line":20,"column":41},"end":{"line":20,"column":43}}],"line":20}},"s":{"0":0,"1":0,"2":0,"3":0,"4":0,"5":0,"6":0,"7":0},"f":{"0":0,"1":0},"b":{"0":[0,0],"1":[0,0],"2":[0,0]},"_coverageSchema":"1a1c01bbd47fc00a2c39e90264f33305004495a9","hash":"2e090bb500207df7c7acb2b29d102941e77f5222"}
,"/Users/mantaqaaoheen/Desktop/HackReact/FEC2212/src/Components/Overview.jsx": {"path":"/Users/mantaqaaoheen/Desktop/HackReact/FEC2212/src/Components/Overview.jsx","statementMap":{"0":{"start":{"line":7,"column":14},"end":{"line":7,"column":30}},"1":{"start":{"line":16,"column":2},"end":{"line":31,"column":3}}},"fnMap":{"0":{"name":"Overview","decl":{"start":{"line":9,"column":9},"end":{"line":9,"column":17}},"loc":{"start":{"line":9,"column":26},"end":{"line":32,"column":1}},"line":9}},"branchMap":{},"s":{"0":4,"1":4},"f":{"0":4},"b":{},"_coverageSchema":"1a1c01bbd47fc00a2c39e90264f33305004495a9","hash":"83c49b0bc5d912b937fece8b0ec594a17e2811ce"}
,"/Users/mantaqaaoheen/Desktop/HackReact/FEC2212/src/Components/QnA/AddAnswer.jsx": {"path":"/Users/mantaqaaoheen/Desktop/HackReact/FEC2212/src/Components/QnA/AddAnswer.jsx","statementMap":{"0":{"start":{"line":7,"column":36},"end":{"line":7,"column":51}},"1":{"start":{"line":8,"column":30},"end":{"line":8,"column":42}},"2":{"start":{"line":9,"column":30},"end":{"line":9,"column":42}},"3":{"start":{"line":11,"column":23},"end":{"line":24,"column":3}},"4":{"start":{"line":12,"column":6},"end":{"line":12,"column":29}},"5":{"start":{"line":13,"column":6},"end":{"line":13,"column":29}},"6":{"start":{"line":15,"column":6},"end":{"line":23,"column":8}},"7":{"start":{"line":20,"column":8},"end":{"line":20,"column":28}},"8":{"start":{"line":21,"column":8},"end":{"line":21,"column":22}},"9":{"start":{"line":22,"column":8},"end":{"line":22,"column":22}},"10":{"start":{"line":26,"column":23},"end":{"line":30,"column":3}},"11":{"start":{"line":27,"column":17},"end":{"line":27,"column":34}},"12":{"start":{"line":28,"column":18},"end":{"line":28,"column":36}},"13":{"start":{"line":29,"column":4},"end":{"line":29,"column":53}},"14":{"start":{"line":29,"column":25},"end":{"line":29,"column":51}},"15":{"start":{"line":32,"column":2},"end":{"line":106,"column":2}},"16":{"start":{"line":34,"column":42},"end":{"line":34,"column":60}},"17":{"start":{"line":87,"column":16},"end":{"line":91,"column":23}},"18":{"start":{"line":89,"column":40},"end":{"line":89,"column":73}},"19":{"start":{"line":89,"column":63},"end":{"line":89,"column":72}},"20":{"start":{"line":89,"column":75},"end":{"line":89,"column":88}},"21":{"start":{"line":97,"column":33},"end":{"line":97,"column":52}}},"fnMap":{"0":{"name":"AddAnswer","decl":{"start":{"line":6,"column":9},"end":{"line":6,"column":18}},"loc":{"start":{"line":6,"column":61},"end":{"line":107,"column":1}},"line":6},"1":{"name":"(anonymous_1)","decl":{"start":{"line":11,"column":23},"end":{"line":11,"column":24}},"loc":{"start":{"line":11,"column":34},"end":{"line":24,"column":3}},"line":11},"2":{"name":"(anonymous_2)","decl":{"start":{"line":19,"column":12},"end":{"line":19,"column":13}},"loc":{"start":{"line":19,"column":18},"end":{"line":23,"column":7}},"line":19},"3":{"name":"(anonymous_3)","decl":{"start":{"line":26,"column":23},"end":{"line":26,"column":24}},"loc":{"start":{"line":26,"column":34},"end":{"line":30,"column":3}},"line":26},"4":{"name":"(anonymous_4)","decl":{"start":{"line":29,"column":14},"end":{"line":29,"column":15}},"loc":{"start":{"line":29,"column":25},"end":{"line":29,"column":51}},"line":29},"5":{"name":"(anonymous_5)","decl":{"start":{"line":34,"column":36},"end":{"line":34,"column":37}},"loc":{"start":{"line":34,"column":42},"end":{"line":34,"column":60}},"line":34},"6":{"name":"(anonymous_6)","decl":{"start":{"line":86,"column":26},"end":{"line":86,"column":27}},"loc":{"start":{"line":86,"column":44},"end":{"line":92,"column":15}},"line":86},"7":{"name":"(anonymous_7)","decl":{"start":{"line":89,"column":25},"end":{"line":89,"column":26}},"loc":{"start":{"line":89,"column":31},"end":{"line":89,"column":90}},"line":89},"8":{"name":"(anonymous_8)","decl":{"start":{"line":89,"column":54},"end":{"line":89,"column":55}},"loc":{"start":{"line":89,"column":63},"end":{"line":89,"column":72}},"line":89},"9":{"name":"(anonymous_9)","decl":{"start":{"line":97,"column":27},"end":{"line":97,"column":28}},"loc":{"start":{"line":97,"column":33},"end":{"line":97,"column":52}},"line":97}},"branchMap":{"0":{"loc":{"start":{"line":56,"column":21},"end":{"line":56,"column":38}},"type":"binary-expr","locations":[{"start":{"line":56,"column":21},"end":{"line":56,"column":32}},{"start":{"line":56,"column":36},"end":{"line":56,"column":38}}],"line":56},"1":{"loc":{"start":{"line":64,"column":22},"end":{"line":64,"column":39}},"type":"binary-expr","locations":[{"start":{"line":64,"column":22},"end":{"line":64,"column":33}},{"start":{"line":64,"column":37},"end":{"line":64,"column":39}}],"line":64},"2":{"loc":{"start":{"line":76,"column":22},"end":{"line":76,"column":40}},"type":"binary-expr","locations":[{"start":{"line":76,"column":22},"end":{"line":76,"column":34}},{"start":{"line":76,"column":38},"end":{"line":76,"column":40}}],"line":76},"3":{"loc":{"start":{"line":84,"column":15},"end":{"line":84,"column":91}},"type":"cond-expr","locations":[{"start":{"line":84,"column":37},"end":{"line":84,"column":41}},{"start":{"line":84,"column":44},"end":{"line":84,"column":91}}],"line":84}},"s":{"0":0,"1":0,"2":0,"3":0,"4":0,"5":0,"6":0,"7":0,"8":0,"9":0,"10":0,"11":0,"12":0,"13":0,"14":0,"15":0,"16":0,"17":0,"18":0,"19":0,"20":0,"21":0},"f":{"0":0,"1":0,"2":0,"3":0,"4":0,"5":0,"6":0,"7":0,"8":0,"9":0},"b":{"0":[0,0],"1":[0,0],"2":[0,0],"3":[0,0]},"_coverageSchema":"1a1c01bbd47fc00a2c39e90264f33305004495a9","hash":"6845a0d7b575a50ff4eca2faa73ad6137e3a015d"}
,"/Users/mantaqaaoheen/Desktop/HackReact/FEC2212/src/Components/QnA/AddPhotos.jsx": {"path":"/Users/mantaqaaoheen/Desktop/HackReact/FEC2212/src/Components/QnA/AddPhotos.jsx","statementMap":{"0":{"start":{"line":4,"column":16},"end":{"line":46,"column":1}},"1":{"start":{"line":5,"column":36},"end":{"line":5,"column":51}},"2":{"start":{"line":6,"column":24},"end":{"line":6,"column":36}},"3":{"start":{"line":8,"column":23},"end":{"line":10,"column":3}},"4":{"start":{"line":9,"column":4},"end":{"line":9,"column":26}},"5":{"start":{"line":11,"column":22},"end":{"line":16,"column":3}},"6":{"start":{"line":12,"column":4},"end":{"line":12,"column":23}},"7":{"start":{"line":13,"column":4},"end":{"line":13,"column":49}},"8":{"start":{"line":13,"column":27},"end":{"line":13,"column":47}},"9":{"start":{"line":14,"column":4},"end":{"line":14,"column":24}},"10":{"start":{"line":15,"column":4},"end":{"line":15,"column":15}},"11":{"start":{"line":18,"column":2},"end":{"line":45,"column":3}},"12":{"start":{"line":20,"column":27},"end":{"line":20,"column":46}},"13":{"start":{"line":20,"column":47},"end":{"line":20,"column":65}}},"fnMap":{"0":{"name":"(anonymous_0)","decl":{"start":{"line":4,"column":16},"end":{"line":4,"column":17}},"loc":{"start":{"line":4,"column":37},"end":{"line":46,"column":1}},"line":4},"1":{"name":"(anonymous_1)","decl":{"start":{"line":8,"column":23},"end":{"line":8,"column":24}},"loc":{"start":{"line":8,"column":30},"end":{"line":10,"column":3}},"line":8},"2":{"name":"(anonymous_2)","decl":{"start":{"line":11,"column":22},"end":{"line":11,"column":23}},"loc":{"start":{"line":11,"column":29},"end":{"line":16,"column":3}},"line":11},"3":{"name":"(anonymous_3)","decl":{"start":{"line":13,"column":11},"end":{"line":13,"column":12}},"loc":{"start":{"line":13,"column":27},"end":{"line":13,"column":47}},"line":13},"4":{"name":"(anonymous_4)","decl":{"start":{"line":20,"column":19},"end":{"line":20,"column":20}},"loc":{"start":{"line":20,"column":26},"end":{"line":20,"column":66}},"line":20}},"branchMap":{},"s":{"0":4,"1":0,"2":0,"3":0,"4":0,"5":0,"6":0,"7":0,"8":0,"9":0,"10":0,"11":0,"12":0,"13":0},"f":{"0":0,"1":0,"2":0,"3":0,"4":0},"b":{},"_coverageSchema":"1a1c01bbd47fc00a2c39e90264f33305004495a9","hash":"7d8c3be5ca894c405582dc10b648f4ff4d6bf992"}
,"/Users/mantaqaaoheen/Desktop/HackReact/FEC2212/src/Components/QnA/AddQuestion.jsx": {"path":"/Users/mantaqaaoheen/Desktop/HackReact/FEC2212/src/Components/QnA/AddQuestion.jsx","statementMap":{"0":{"start":{"line":7,"column":36},"end":{"line":7,"column":51}},"1":{"start":{"line":8,"column":30},"end":{"line":8,"column":42}},"2":{"start":{"line":10,"column":23},"end":{"line":22,"column":3}},"3":{"start":{"line":13,"column":6},"end":{"line":13,"column":32}},"4":{"start":{"line":14,"column":6},"end":{"line":14,"column":29}},"5":{"start":{"line":15,"column":6},"end":{"line":18,"column":8}},"6":{"start":{"line":20,"column":6},"end":{"line":20,"column":26}},"7":{"start":{"line":21,"column":6},"end":{"line":21,"column":39}},"8":{"start":{"line":21,"column":20},"end":{"line":21,"column":38}},"9":{"start":{"line":24,"column":23},"end":{"line":28,"column":3}},"10":{"start":{"line":25,"column":17},"end":{"line":25,"column":34}},"11":{"start":{"line":26,"column":18},"end":{"line":26,"column":36}},"12":{"start":{"line":27,"column":4},"end":{"line":27,"column":53}},"13":{"start":{"line":27,"column":25},"end":{"line":27,"column":51}},"14":{"start":{"line":30,"column":2},"end":{"line":94,"column":2}},"15":{"start":{"line":32,"column":25},"end":{"line":32,"column":43}},"16":{"start":{"line":85,"column":33},"end":{"line":85,"column":52}}},"fnMap":{"0":{"name":"AddQuestion","decl":{"start":{"line":6,"column":9},"end":{"line":6,"column":20}},"loc":{"start":{"line":6,"column":47},"end":{"line":95,"column":1}},"line":6},"1":{"name":"(anonymous_1)","decl":{"start":{"line":10,"column":23},"end":{"line":10,"column":24}},"loc":{"start":{"line":10,"column":34},"end":{"line":22,"column":3}},"line":10},"2":{"name":"(anonymous_2)","decl":{"start":{"line":21,"column":11},"end":{"line":21,"column":12}},"loc":{"start":{"line":21,"column":20},"end":{"line":21,"column":38}},"line":21},"3":{"name":"(anonymous_3)","decl":{"start":{"line":24,"column":23},"end":{"line":24,"column":24}},"loc":{"start":{"line":24,"column":34},"end":{"line":28,"column":3}},"line":24},"4":{"name":"(anonymous_4)","decl":{"start":{"line":27,"column":14},"end":{"line":27,"column":15}},"loc":{"start":{"line":27,"column":25},"end":{"line":27,"column":51}},"line":27},"5":{"name":"(anonymous_5)","decl":{"start":{"line":32,"column":19},"end":{"line":32,"column":20}},"loc":{"start":{"line":32,"column":25},"end":{"line":32,"column":43}},"line":32},"6":{"name":"(anonymous_6)","decl":{"start":{"line":85,"column":27},"end":{"line":85,"column":28}},"loc":{"start":{"line":85,"column":33},"end":{"line":85,"column":52}},"line":85}},"branchMap":{"0":{"loc":{"start":{"line":54,"column":21},"end":{"line":54,"column":38}},"type":"binary-expr","locations":[{"start":{"line":54,"column":21},"end":{"line":54,"column":32}},{"start":{"line":54,"column":36},"end":{"line":54,"column":38}}],"line":54},"1":{"loc":{"start":{"line":62,"column":22},"end":{"line":62,"column":39}},"type":"binary-expr","locations":[{"start":{"line":62,"column":22},"end":{"line":62,"column":33}},{"start":{"line":62,"column":37},"end":{"line":62,"column":39}}],"line":62},"2":{"loc":{"start":{"line":74,"column":22},"end":{"line":74,"column":40}},"type":"binary-expr","locations":[{"start":{"line":74,"column":22},"end":{"line":74,"column":34}},{"start":{"line":74,"column":38},"end":{"line":74,"column":40}}],"line":74}},"s":{"0":12,"1":12,"2":12,"3":0,"4":0,"5":0,"6":0,"7":0,"8":0,"9":12,"10":0,"11":0,"12":0,"13":0,"14":12,"15":0,"16":0},"f":{"0":12,"1":0,"2":0,"3":0,"4":0,"5":0,"6":0},"b":{"0":[12,12],"1":[12,12],"2":[12,12]},"_coverageSchema":"1a1c01bbd47fc00a2c39e90264f33305004495a9","hash":"7b8bb4687f91e1fded169fd14fc5f5049827956f"}
,"/Users/mantaqaaoheen/Desktop/HackReact/FEC2212/src/Components/QnA/Answer.jsx": {"path":"/Users/mantaqaaoheen/Desktop/HackReact/FEC2212/src/Components/QnA/Answer.jsx","statementMap":{"0":{"start":{"line":8,"column":15},"end":{"line":31,"column":1}},"1":{"start":{"line":11,"column":11},"end":{"line":11,"column":50}},"2":{"start":{"line":13,"column":2},"end":{"line":30,"column":3}},"3":{"start":{"line":19,"column":43},"end":{"line":19,"column":80}}},"fnMap":{"0":{"name":"(anonymous_0)","decl":{"start":{"line":8,"column":15},"end":{"line":8,"column":16}},"loc":{"start":{"line":8,"column":49},"end":{"line":31,"column":1}},"line":8},"1":{"name":"(anonymous_1)","decl":{"start":{"line":19,"column":26},"end":{"line":19,"column":27}},"loc":{"start":{"line":19,"column":42},"end":{"line":19,"column":81}},"line":19}},"branchMap":{"0":{"loc":{"start":{"line":13,"column":9},"end":{"line":30,"column":3}},"type":"cond-expr","locations":[{"start":{"line":13,"column":26},"end":{"line":13,"column":30}},{"start":{"line":14,"column":4},"end":{"line":29,"column":10}}],"line":13},"1":{"loc":{"start":{"line":15,"column":7},"end":{"line":16,"column":77}},"type":"cond-expr","locations":[{"start":{"line":15,"column":21},"end":{"line":15,"column":71}},{"start":{"line":16,"column":6},"end":{"line":16,"column":77}}],"line":15},"2":{"loc":{"start":{"line":22,"column":14},"end":{"line":22,"column":66}},"type":"cond-expr","locations":[{"start":{"line":22,"column":23},"end":{"line":22,"column":46}},{"start":{"line":22,"column":49},"end":{"line":22,"column":66}}],"line":22}},"s":{"0":4,"1":0,"2":0,"3":0},"f":{"0":0,"1":0},"b":{"0":[0,0],"1":[0,0],"2":[0,0]},"_coverageSchema":"1a1c01bbd47fc00a2c39e90264f33305004495a9","hash":"03e63a4392f559b6381f9eee7f84ca9d6c88b517"}
,"/Users/mantaqaaoheen/Desktop/HackReact/FEC2212/src/Components/QnA/AnswerList.jsx": {"path":"/Users/mantaqaaoheen/Desktop/HackReact/FEC2212/src/Components/QnA/AnswerList.jsx","statementMap":{"0":{"start":{"line":5,"column":19},"end":{"line":62,"column":1}},"1":{"start":{"line":7,"column":34},"end":{"line":7,"column":45}},"2":{"start":{"line":8,"column":24},"end":{"line":8,"column":53}},"3":{"start":{"line":9,"column":28},"end":{"line":9,"column":43}},"4":{"start":{"line":11,"column":14},"end":{"line":15,"column":3}},"5":{"start":{"line":12,"column":15},"end":{"line":12,"column":46}},"6":{"start":{"line":13,"column":16},"end":{"line":13,"column":38}},"7":{"start":{"line":14,"column":4},"end":{"line":14,"column":21}},"8":{"start":{"line":17,"column":15},"end":{"line":21,"column":3}},"9":{"start":{"line":18,"column":15},"end":{"line":18,"column":46}},"10":{"start":{"line":19,"column":16},"end":{"line":19,"column":38}},"11":{"start":{"line":20,"column":4},"end":{"line":20,"column":23}},"12":{"start":{"line":23,"column":20},"end":{"line":31,"column":8}},"13":{"start":{"line":24,"column":15},"end":{"line":24,"column":49}},"14":{"start":{"line":25,"column":16},"end":{"line":25,"column":38}},"15":{"start":{"line":26,"column":4},"end":{"line":29,"column":5}},"16":{"start":{"line":27,"column":6},"end":{"line":27,"column":27}},"17":{"start":{"line":28,"column":6},"end":{"line":28,"column":35}},"18":{"start":{"line":30,"column":4},"end":{"line":30,"column":18}},"19":{"start":{"line":33,"column":19},"end":{"line":33,"column":41}},"20":{"start":{"line":34,"column":19},"end":{"line":34,"column":83}},"21":{"start":{"line":34,"column":45},"end":{"line":34,"column":81}},"22":{"start":{"line":35,"column":19},"end":{"line":35,"column":49}},"23":{"start":{"line":38,"column":23},"end":{"line":42,"column":3}},"24":{"start":{"line":39,"column":4},"end":{"line":39,"column":21}},"25":{"start":{"line":40,"column":4},"end":{"line":40,"column":28}},"26":{"start":{"line":41,"column":4},"end":{"line":41,"column":23}},"27":{"start":{"line":44,"column":24},"end":{"line":48,"column":3}},"28":{"start":{"line":45,"column":4},"end":{"line":45,"column":23}},"29":{"start":{"line":46,"column":4},"end":{"line":46,"column":32}},"30":{"start":{"line":47,"column":4},"end":{"line":47,"column":20}},"31":{"start":{"line":50,"column":15},"end":{"line":53,"column":3}},"32":{"start":{"line":51,"column":4},"end":{"line":52,"column":110}},"33":{"start":{"line":51,"column":62},"end":{"line":51,"column":77}},"34":{"start":{"line":52,"column":47},"end":{"line":52,"column":61}},"35":{"start":{"line":55,"column":2},"end":{"line":61,"column":3}},"36":{"start":{"line":57,"column":8},"end":{"line":57,"column":122}}},"fnMap":{"0":{"name":"(anonymous_0)","decl":{"start":{"line":5,"column":19},"end":{"line":5,"column":20}},"loc":{"start":{"line":5,"column":34},"end":{"line":62,"column":1}},"line":5},"1":{"name":"(anonymous_1)","decl":{"start":{"line":11,"column":14},"end":{"line":11,"column":15}},"loc":{"start":{"line":11,"column":23},"end":{"line":15,"column":3}},"line":11},"2":{"name":"(anonymous_2)","decl":{"start":{"line":17,"column":15},"end":{"line":17,"column":16}},"loc":{"start":{"line":17,"column":24},"end":{"line":21,"column":3}},"line":17},"3":{"name":"(anonymous_3)","decl":{"start":{"line":23,"column":35},"end":{"line":23,"column":36}},"loc":{"start":{"line":23,"column":60},"end":{"line":31,"column":3}},"line":23},"4":{"name":"(anonymous_4)","decl":{"start":{"line":34,"column":35},"end":{"line":34,"column":36}},"loc":{"start":{"line":34,"column":44},"end":{"line":34,"column":82}},"line":34},"5":{"name":"(anonymous_5)","decl":{"start":{"line":38,"column":23},"end":{"line":38,"column":24}},"loc":{"start":{"line":38,"column":29},"end":{"line":42,"column":3}},"line":38},"6":{"name":"(anonymous_6)","decl":{"start":{"line":44,"column":24},"end":{"line":44,"column":25}},"loc":{"start":{"line":44,"column":30},"end":{"line":48,"column":3}},"line":44},"7":{"name":"(anonymous_7)","decl":{"start":{"line":50,"column":15},"end":{"line":50,"column":16}},"loc":{"start":{"line":50,"column":21},"end":{"line":53,"column":3}},"line":50},"8":{"name":"(anonymous_8)","decl":{"start":{"line":51,"column":55},"end":{"line":51,"column":56}},"loc":{"start":{"line":51,"column":61},"end":{"line":51,"column":78}},"line":51},"9":{"name":"(anonymous_9)","decl":{"start":{"line":52,"column":40},"end":{"line":52,"column":41}},"loc":{"start":{"line":52,"column":46},"end":{"line":52,"column":62}},"line":52},"10":{"name":"(anonymous_10)","decl":{"start":{"line":56,"column":49},"end":{"line":56,"column":50}},"loc":{"start":{"line":56,"column":66},"end":{"line":58,"column":7}},"line":56}},"branchMap":{"0":{"loc":{"start":{"line":26,"column":4},"end":{"line":29,"column":5}},"type":"if","locations":[{"start":{"line":26,"column":4},"end":{"line":29,"column":5}},{"start":{},"end":{}}],"line":26},"1":{"loc":{"start":{"line":51,"column":11},"end":{"line":52,"column":110}},"type":"cond-expr","locations":[{"start":{"line":51,"column":23},"end":{"line":51,"column":125}},{"start":{"line":52,"column":9},"end":{"line":52,"column":109}}],"line":51},"2":{"loc":{"start":{"line":59,"column":8},"end":{"line":59,"column":79}},"type":"cond-expr","locations":[{"start":{"line":59,"column":62},"end":{"line":59,"column":66}},{"start":{"line":59,"column":69},"end":{"line":59,"column":79}}],"line":59},"3":{"loc":{"start":{"line":59,"column":9},"end":{"line":59,"column":59}},"type":"binary-expr","locations":[{"start":{"line":59,"column":10},"end":{"line":59,"column":44}},{"start":{"line":59,"column":50},"end":{"line":59,"column":58}}],"line":59}},"s":{"0":4,"1":0,"2":0,"3":0,"4":0,"5":0,"6":0,"7":0,"8":0,"9":0,"10":0,"11":0,"12":0,"13":0,"14":0,"15":0,"16":0,"17":0,"18":0,"19":0,"20":0,"21":0,"22":0,"23":0,"24":0,"25":0,"26":0,"27":0,"28":0,"29":0,"30":0,"31":0,"32":0,"33":0,"34":0,"35":0,"36":0},"f":{"0":0,"1":0,"2":0,"3":0,"4":0,"5":0,"6":0,"7":0,"8":0,"9":0,"10":0},"b":{"0":[0,0],"1":[0,0],"2":[0,0],"3":[0,0]},"_coverageSchema":"1a1c01bbd47fc00a2c39e90264f33305004495a9","hash":"dd0b2b97009e0422f702dbd413964f3d7a5da857"}
,"/Users/mantaqaaoheen/Desktop/HackReact/FEC2212/src/Components/QnA/Photo.jsx": {"path":"/Users/mantaqaaoheen/Desktop/HackReact/FEC2212/src/Components/QnA/Photo.jsx","statementMap":{"0":{"start":{"line":4,"column":12},"end":{"line":30,"column":1}},"1":{"start":{"line":5,"column":36},"end":{"line":5,"column":51}},"2":{"start":{"line":7,"column":2},"end":{"line":29,"column":3}},"3":{"start":{"line":14,"column":21},"end":{"line":14,"column":40}},"4":{"start":{"line":14,"column":41},"end":{"line":14,"column":59}},"5":{"start":{"line":24,"column":25},"end":{"line":24,"column":49}}},"fnMap":{"0":{"name":"(anonymous_0)","decl":{"start":{"line":4,"column":12},"end":{"line":4,"column":13}},"loc":{"start":{"line":4,"column":23},"end":{"line":30,"column":1}},"line":4},"1":{"name":"(anonymous_1)","decl":{"start":{"line":14,"column":13},"end":{"line":14,"column":14}},"loc":{"start":{"line":14,"column":20},"end":{"line":14,"column":60}},"line":14},"2":{"name":"(anonymous_2)","decl":{"start":{"line":24,"column":19},"end":{"line":24,"column":20}},"loc":{"start":{"line":24,"column":25},"end":{"line":24,"column":49}},"line":24}},"branchMap":{},"s":{"0":4,"1":0,"2":0,"3":0,"4":0,"5":0},"f":{"0":0,"1":0,"2":0},"b":{},"_coverageSchema":"1a1c01bbd47fc00a2c39e90264f33305004495a9","hash":"ab16028a93995c8093bdafc87b391927a49bf572"}
,"/Users/mantaqaaoheen/Desktop/HackReact/FEC2212/src/Components/QnA/QandA.jsx": {"path":"/Users/mantaqaaoheen/Desktop/HackReact/FEC2212/src/Components/QnA/QandA.jsx","statementMap":{"0":{"start":{"line":5,"column":12},"end":{"line":24,"column":1}},"1":{"start":{"line":7,"column":15},"end":{"line":9,"column":4}},"2":{"start":{"line":8,"column":4},"end":{"line":8,"column":52}},"3":{"start":{"line":11,"column":26},"end":{"line":11,"column":38}},"4":{"start":{"line":13,"column":2},"end":{"line":15,"column":21}},"5":{"start":{"line":14,"column":4},"end":{"line":14,"column":19}},"6":{"start":{"line":17,"column":2},"end":{"line":23,"column":3}}},"fnMap":{"0":{"name":"(anonymous_0)","decl":{"start":{"line":5,"column":12},"end":{"line":5,"column":13}},"loc":{"start":{"line":5,"column":43},"end":{"line":24,"column":1}},"line":5},"1":{"name":"(anonymous_1)","decl":{"start":{"line":7,"column":36},"end":{"line":7,"column":37}},"loc":{"start":{"line":7,"column":50},"end":{"line":9,"column":3}},"line":7},"2":{"name":"(anonymous_2)","decl":{"start":{"line":13,"column":12},"end":{"line":13,"column":13}},"loc":{"start":{"line":13,"column":18},"end":{"line":15,"column":3}},"line":13}},"branchMap":{},"s":{"0":4,"1":8,"2":0,"3":8,"4":8,"5":4,"6":8},"f":{"0":8,"1":0,"2":4},"b":{},"_coverageSchema":"1a1c01bbd47fc00a2c39e90264f33305004495a9","hash":"0561dd6778b22be4791509cf8bc9a3f1cc77266b"}
,"/Users/mantaqaaoheen/Desktop/HackReact/FEC2212/src/Components/QnA/Question.jsx": {"path":"/Users/mantaqaaoheen/Desktop/HackReact/FEC2212/src/Components/QnA/Question.jsx","statementMap":{"0":{"start":{"line":6,"column":17},"end":{"line":19,"column":1}},"1":{"start":{"line":8,"column":2},"end":{"line":18,"column":3}}},"fnMap":{"0":{"name":"(anonymous_0)","decl":{"start":{"line":6,"column":17},"end":{"line":6,"column":18}},"loc":{"start":{"line":6,"column":59},"end":{"line":19,"column":1}},"line":6}},"branchMap":{"0":{"loc":{"start":{"line":8,"column":9},"end":{"line":18,"column":3}},"type":"cond-expr","locations":[{"start":{"line":8,"column":26},"end":{"line":8,"column":30}},{"start":{"line":9,"column":4},"end":{"line":17,"column":10}}],"line":8}},"s":{"0":4,"1":0},"f":{"0":0},"b":{"0":[0,0]},"_coverageSchema":"1a1c01bbd47fc00a2c39e90264f33305004495a9","hash":"c31fa21bc8a6290adbfdda620c3456b75156ae24"}
,"/Users/mantaqaaoheen/Desktop/HackReact/FEC2212/src/Components/QnA/QuestionList.jsx": {"path":"/Users/mantaqaaoheen/Desktop/HackReact/FEC2212/src/Components/QnA/QuestionList.jsx","statementMap":{"0":{"start":{"line":6,"column":21},"end":{"line":28,"column":1}},"1":{"start":{"line":8,"column":48},"end":{"line":8,"column":60}},"2":{"start":{"line":9,"column":51},"end":{"line":9,"column":63}},"3":{"start":{"line":11,"column":2},"end":{"line":13,"column":9}},"4":{"start":{"line":12,"column":4},"end":{"line":12,"column":28}},"5":{"start":{"line":15,"column":23},"end":{"line":17,"column":3}},"6":{"start":{"line":16,"column":4},"end":{"line":16,"column":43}},"7":{"start":{"line":19,"column":2},"end":{"line":27,"column":3}},"8":{"start":{"line":22,"column":8},"end":{"line":22,"column":127}},"9":{"start":{"line":24,"column":91},"end":{"line":24,"column":105}}},"fnMap":{"0":{"name":"(anonymous_0)","decl":{"start":{"line":6,"column":21},"end":{"line":6,"column":22}},"loc":{"start":{"line":6,"column":49},"end":{"line":28,"column":1}},"line":6},"1":{"name":"(anonymous_1)","decl":{"start":{"line":11,"column":12},"end":{"line":11,"column":13}},"loc":{"start":{"line":11,"column":18},"end":{"line":13,"column":3}},"line":11},"2":{"name":"(anonymous_2)","decl":{"start":{"line":15,"column":23},"end":{"line":15,"column":24}},"loc":{"start":{"line":15,"column":29},"end":{"line":17,"column":3}},"line":15},"3":{"name":"(anonymous_3)","decl":{"start":{"line":21,"column":14},"end":{"line":21,"column":15}},"loc":{"start":{"line":21,"column":28},"end":{"line":23,"column":7}},"line":21},"4":{"name":"(anonymous_4)","decl":{"start":{"line":24,"column":85},"end":{"line":24,"column":86}},"loc":{"start":{"line":24,"column":91},"end":{"line":24,"column":105}},"line":24}},"branchMap":{"0":{"loc":{"start":{"line":24,"column":7},"end":{"line":24,"column":139}},"type":"cond-expr","locations":[{"start":{"line":24,"column":42},"end":{"line":24,"column":46}},{"start":{"line":24,"column":49},"end":{"line":24,"column":139}}],"line":24}},"s":{"0":4,"1":12,"2":12,"3":12,"4":8,"5":12,"6":0,"7":12,"8":0,"9":0},"f":{"0":12,"1":8,"2":0,"3":0,"4":0},"b":{"0":[12,0]},"_coverageSchema":"1a1c01bbd47fc00a2c39e90264f33305004495a9","hash":"a6204186ea37b8c2a30fe71a22c9382ae36e7317"}
,"/Users/mantaqaaoheen/Desktop/HackReact/FEC2212/src/Components/QnA/Search.jsx": {"path":"/Users/mantaqaaoheen/Desktop/HackReact/FEC2212/src/Components/QnA/Search.jsx","statementMap":{"0":{"start":{"line":3,"column":13},"end":{"line":41,"column":1}},"1":{"start":{"line":5,"column":25},"end":{"line":5,"column":37}},"2":{"start":{"line":12,"column":14},"end":{"line":17,"column":3}},"3":{"start":{"line":13,"column":15},"end":{"line":13,"column":46}},"4":{"start":{"line":14,"column":15},"end":{"line":14,"column":33}},"5":{"start":{"line":15,"column":16},"end":{"line":15,"column":34}},"6":{"start":{"line":16,"column":4},"end":{"line":16,"column":21}},"7":{"start":{"line":19,"column":23},"end":{"line":21,"column":3}},"8":{"start":{"line":20,"column":4},"end":{"line":20,"column":27}},"9":{"start":{"line":23,"column":2},"end":{"line":29,"column":12}},"10":{"start":{"line":24,"column":12},"end":{"line":24,"column":16}},"11":{"start":{"line":25,"column":4},"end":{"line":27,"column":5}},"12":{"start":{"line":26,"column":6},"end":{"line":26,"column":28}},"13":{"start":{"line":28,"column":4},"end":{"line":28,"column":14}},"14":{"start":{"line":31,"column":2},"end":{"line":40,"column":3}}},"fnMap":{"0":{"name":"(anonymous_0)","decl":{"start":{"line":3,"column":13},"end":{"line":3,"column":14}},"loc":{"start":{"line":3,"column":42},"end":{"line":41,"column":1}},"line":3},"1":{"name":"(anonymous_1)","decl":{"start":{"line":12,"column":14},"end":{"line":12,"column":15}},"loc":{"start":{"line":12,"column":23},"end":{"line":17,"column":3}},"line":12},"2":{"name":"(anonymous_2)","decl":{"start":{"line":19,"column":23},"end":{"line":19,"column":24}},"loc":{"start":{"line":19,"column":30},"end":{"line":21,"column":3}},"line":19},"3":{"name":"(anonymous_3)","decl":{"start":{"line":23,"column":12},"end":{"line":23,"column":13}},"loc":{"start":{"line":23,"column":18},"end":{"line":29,"column":3}},"line":23}},"branchMap":{"0":{"loc":{"start":{"line":25,"column":4},"end":{"line":27,"column":5}},"type":"if","locations":[{"start":{"line":25,"column":4},"end":{"line":27,"column":5}},{"start":{},"end":{}}],"line":25}},"s":{"0":4,"1":8,"2":8,"3":0,"4":0,"5":0,"6":0,"7":8,"8":0,"9":8,"10":4,"11":4,"12":0,"13":4,"14":8},"f":{"0":8,"1":0,"2":0,"3":4},"b":{"0":[0,4]},"_coverageSchema":"1a1c01bbd47fc00a2c39e90264f33305004495a9","hash":"a077766c5fc0edf24d8f2d2178ffca3b6c2447fa"}
,"/Users/mantaqaaoheen/Desktop/HackReact/FEC2212/src/Components/RnR/AddImages.jsx": {"path":"/Users/mantaqaaoheen/Desktop/HackReact/FEC2212/src/Components/RnR/AddImages.jsx","statementMap":{"0":{"start":{"line":7,"column":16},"end":{"line":73,"column":1}},"1":{"start":{"line":10,"column":2},"end":{"line":72,"column":3}},"2":{"start":{"line":26,"column":6},"end":{"line":26,"column":34}},"3":{"start":{"line":27,"column":6},"end":{"line":27,"column":22}},"4":{"start":{"line":36,"column":6},"end":{"line":36,"column":34}},"5":{"start":{"line":37,"column":6},"end":{"line":37,"column":22}},"6":{"start":{"line":44,"column":6},"end":{"line":44,"column":36}},"7":{"start":{"line":45,"column":6},"end":{"line":45,"column":22}},"8":{"start":{"line":52,"column":6},"end":{"line":52,"column":35}},"9":{"start":{"line":53,"column":6},"end":{"line":53,"column":22}},"10":{"start":{"line":60,"column":6},"end":{"line":60,"column":35}},"11":{"start":{"line":61,"column":6},"end":{"line":61,"column":22}},"12":{"start":{"line":67,"column":42},"end":{"line":67,"column":56}}},"fnMap":{"0":{"name":"(anonymous_0)","decl":{"start":{"line":7,"column":16},"end":{"line":7,"column":17}},"loc":{"start":{"line":7,"column":186},"end":{"line":73,"column":1}},"line":7},"1":{"name":"(anonymous_1)","decl":{"start":{"line":25,"column":16},"end":{"line":25,"column":17}},"loc":{"start":{"line":25,"column":23},"end":{"line":28,"column":7}},"line":25},"2":{"name":"(anonymous_2)","decl":{"start":{"line":35,"column":84},"end":{"line":35,"column":85}},"loc":{"start":{"line":35,"column":91},"end":{"line":38,"column":7}},"line":35},"3":{"name":"(anonymous_3)","decl":{"start":{"line":43,"column":86},"end":{"line":43,"column":87}},"loc":{"start":{"line":43,"column":93},"end":{"line":46,"column":7}},"line":43},"4":{"name":"(anonymous_4)","decl":{"start":{"line":51,"column":85},"end":{"line":51,"column":86}},"loc":{"start":{"line":51,"column":92},"end":{"line":54,"column":7}},"line":51},"5":{"name":"(anonymous_5)","decl":{"start":{"line":59,"column":85},"end":{"line":59,"column":86}},"loc":{"start":{"line":59,"column":92},"end":{"line":62,"column":7}},"line":59},"6":{"name":"(anonymous_6)","decl":{"start":{"line":67,"column":35},"end":{"line":67,"column":36}},"loc":{"start":{"line":67,"column":41},"end":{"line":67,"column":57}},"line":67}},"branchMap":{},"s":{"0":4,"1":4,"2":0,"3":0,"4":0,"5":0,"6":0,"7":0,"8":0,"9":0,"10":0,"11":0,"12":0},"f":{"0":4,"1":0,"2":0,"3":0,"4":0,"5":0,"6":0},"b":{},"_coverageSchema":"1a1c01bbd47fc00a2c39e90264f33305004495a9","hash":"496310d712d56b1764e64d97a4b0013152c616c8"}
,"/Users/mantaqaaoheen/Desktop/HackReact/FEC2212/src/Components/RnR/AddReview.jsx": {"path":"/Users/mantaqaaoheen/Desktop/HackReact/FEC2212/src/Components/RnR/AddReview.jsx","statementMap":{"0":{"start":{"line":10,"column":14},"end":{"line":10,"column":30}},"1":{"start":{"line":20,"column":16},"end":{"line":325,"column":1}},"2":{"start":{"line":22,"column":36},"end":{"line":22,"column":51}},"3":{"start":{"line":23,"column":52},"end":{"line":23,"column":67}},"4":{"start":{"line":26,"column":35},"end":{"line":26,"column":49}},"5":{"start":{"line":27,"column":35},"end":{"line":27,"column":49}},"6":{"start":{"line":28,"column":39},"end":{"line":28,"column":53}},"7":{"start":{"line":29,"column":37},"end":{"line":29,"column":51}},"8":{"start":{"line":30,"column":37},"end":{"line":30,"column":51}},"9":{"start":{"line":32,"column":28},"end":{"line":32,"column":43}},"10":{"start":{"line":38,"column":36},"end":{"line":38,"column":51}},"11":{"start":{"line":39,"column":30},"end":{"line":39,"column":42}},"12":{"start":{"line":40,"column":28},"end":{"line":40,"column":40}},"13":{"start":{"line":41,"column":26},"end":{"line":41,"column":38}},"14":{"start":{"line":42,"column":32},"end":{"line":42,"column":44}},"15":{"start":{"line":43,"column":24},"end":{"line":43,"column":36}},"16":{"start":{"line":44,"column":30},"end":{"line":44,"column":42}},"17":{"start":{"line":45,"column":38},"end":{"line":45,"column":53}},"18":{"start":{"line":46,"column":38},"end":{"line":46,"column":53}},"19":{"start":{"line":48,"column":15},"end":{"line":48,"column":17}},"20":{"start":{"line":50,"column":22},"end":{"line":92,"column":3}},"21":{"start":{"line":51,"column":4},"end":{"line":51,"column":42}},"22":{"start":{"line":52,"column":4},"end":{"line":52,"column":34}},"23":{"start":{"line":53,"column":4},"end":{"line":53,"column":36}},"24":{"start":{"line":54,"column":4},"end":{"line":54,"column":30}},"25":{"start":{"line":55,"column":4},"end":{"line":55,"column":40}},"26":{"start":{"line":56,"column":4},"end":{"line":56,"column":30}},"27":{"start":{"line":57,"column":4},"end":{"line":57,"column":32}},"28":{"start":{"line":59,"column":23},"end":{"line":59,"column":25}},"29":{"start":{"line":60,"column":4},"end":{"line":62,"column":5}},"30":{"start":{"line":61,"column":6},"end":{"line":61,"column":44}},"31":{"start":{"line":63,"column":4},"end":{"line":65,"column":5}},"32":{"start":{"line":64,"column":6},"end":{"line":64,"column":44}},"33":{"start":{"line":66,"column":4},"end":{"line":68,"column":5}},"34":{"start":{"line":67,"column":6},"end":{"line":67,"column":46}},"35":{"start":{"line":69,"column":4},"end":{"line":71,"column":5}},"36":{"start":{"line":70,"column":6},"end":{"line":70,"column":45}},"37":{"start":{"line":72,"column":4},"end":{"line":74,"column":5}},"38":{"start":{"line":73,"column":6},"end":{"line":73,"column":45}},"39":{"start":{"line":75,"column":4},"end":{"line":75,"column":33}},"40":{"start":{"line":77,"column":32},"end":{"line":77,"column":34}},"41":{"start":{"line":78,"column":4},"end":{"line":90,"column":5}},"42":{"start":{"line":79,"column":25},"end":{"line":79,"column":44}},"43":{"start":{"line":80,"column":6},"end":{"line":88,"column":7}},"44":{"start":{"line":80,"column":19},"end":{"line":80,"column":20}},"45":{"start":{"line":81,"column":22},"end":{"line":81,"column":37}},"46":{"start":{"line":82,"column":8},"end":{"line":87,"column":9}},"47":{"start":{"line":86,"column":10},"end":{"line":86,"column":69}},"48":{"start":{"line":89,"column":6},"end":{"line":89,"column":53}},"49":{"start":{"line":94,"column":23},"end":{"line":109,"column":3}},"50":{"start":{"line":97,"column":6},"end":{"line":97,"column":43}},"51":{"start":{"line":98,"column":6},"end":{"line":98,"column":35}},"52":{"start":{"line":99,"column":6},"end":{"line":99,"column":29}},"53":{"start":{"line":100,"column":6},"end":{"line":100,"column":28}},"54":{"start":{"line":103,"column":6},"end":{"line":105,"column":8}},"55":{"start":{"line":106,"column":6},"end":{"line":106,"column":26}},"56":{"start":{"line":111,"column":28},"end":{"line":120,"column":3}},"57":{"start":{"line":112,"column":4},"end":{"line":112,"column":27}},"58":{"start":{"line":113,"column":4},"end":{"line":113,"column":50}},"59":{"start":{"line":114,"column":4},"end":{"line":114,"column":32}},"60":{"start":{"line":116,"column":21},"end":{"line":116,"column":32}},"61":{"start":{"line":117,"column":4},"end":{"line":117,"column":39}},"62":{"start":{"line":118,"column":4},"end":{"line":118,"column":25}},"63":{"start":{"line":119,"column":4},"end":{"line":119,"column":24}},"64":{"start":{"line":122,"column":23},"end":{"line":127,"column":3}},"65":{"start":{"line":123,"column":17},"end":{"line":123,"column":34}},"66":{"start":{"line":124,"column":18},"end":{"line":124,"column":36}},"67":{"start":{"line":125,"column":4},"end":{"line":125,"column":53}},"68":{"start":{"line":125,"column":25},"end":{"line":125,"column":51}},"69":{"start":{"line":126,"column":4},"end":{"line":126,"column":33}},"70":{"start":{"line":129,"column":28},"end":{"line":135,"column":3}},"71":{"start":{"line":130,"column":17},"end":{"line":130,"column":34}},"72":{"start":{"line":131,"column":18},"end":{"line":131,"column":36}},"73":{"start":{"line":132,"column":4},"end":{"line":132,"column":53}},"74":{"start":{"line":132,"column":25},"end":{"line":132,"column":51}},"75":{"start":{"line":133,"column":4},"end":{"line":133,"column":33}},"76":{"start":{"line":138,"column":27},"end":{"line":144,"column":3}},"77":{"start":{"line":140,"column":17},"end":{"line":140,"column":28}},"78":{"start":{"line":141,"column":18},"end":{"line":141,"column":28}},"79":{"start":{"line":142,"column":4},"end":{"line":142,"column":28}},"80":{"start":{"line":143,"column":4},"end":{"line":143,"column":53}},"81":{"start":{"line":143,"column":25},"end":{"line":143,"column":51}},"82":{"start":{"line":146,"column":19},"end":{"line":148,"column":3}},"83":{"start":{"line":150,"column":17},"end":{"line":156,"column":1}},"84":{"start":{"line":158,"column":15},"end":{"line":175,"column":3}},"85":{"start":{"line":177,"column":44},"end":{"line":177,"column":55}},"86":{"start":{"line":183,"column":18},"end":{"line":183,"column":22}},"87":{"start":{"line":184,"column":2},"end":{"line":324,"column":3}},"88":{"start":{"line":186,"column":25},"end":{"line":186,"column":43}},"89":{"start":{"line":210,"column":16},"end":{"line":210,"column":32}},"90":{"start":{"line":211,"column":16},"end":{"line":211,"column":56}},"91":{"start":{"line":212,"column":16},"end":{"line":216,"column":17}},"92":{"start":{"line":213,"column":18},"end":{"line":213,"column":38}},"93":{"start":{"line":215,"column":18},"end":{"line":215,"column":39}},"94":{"start":{"line":225,"column":91},"end":{"line":225,"column":104}},"95":{"start":{"line":225,"column":123},"end":{"line":225,"column":137}},"96":{"start":{"line":274,"column":63},"end":{"line":274,"column":86}},"97":{"start":{"line":277,"column":52},"end":{"line":277,"column":78}},"98":{"start":{"line":312,"column":33},"end":{"line":312,"column":52}}},"fnMap":{"0":{"name":"(anonymous_0)","decl":{"start":{"line":20,"column":16},"end":{"line":20,"column":17}},"loc":{"start":{"line":20,"column":55},"end":{"line":325,"column":1}},"line":20},"1":{"name":"(anonymous_1)","decl":{"start":{"line":50,"column":22},"end":{"line":50,"column":23}},"loc":{"start":{"line":50,"column":34},"end":{"line":92,"column":3}},"line":50},"2":{"name":"(anonymous_2)","decl":{"start":{"line":94,"column":23},"end":{"line":94,"column":24}},"loc":{"start":{"line":94,"column":34},"end":{"line":109,"column":3}},"line":94},"3":{"name":"(anonymous_3)","decl":{"start":{"line":111,"column":28},"end":{"line":111,"column":29}},"loc":{"start":{"line":111,"column":39},"end":{"line":120,"column":3}},"line":111},"4":{"name":"(anonymous_4)","decl":{"start":{"line":122,"column":23},"end":{"line":122,"column":24}},"loc":{"start":{"line":122,"column":34},"end":{"line":127,"column":3}},"line":122},"5":{"name":"(anonymous_5)","decl":{"start":{"line":125,"column":14},"end":{"line":125,"column":15}},"loc":{"start":{"line":125,"column":25},"end":{"line":125,"column":51}},"line":125},"6":{"name":"(anonymous_6)","decl":{"start":{"line":129,"column":28},"end":{"line":129,"column":29}},"loc":{"start":{"line":129,"column":39},"end":{"line":135,"column":3}},"line":129},"7":{"name":"(anonymous_7)","decl":{"start":{"line":132,"column":14},"end":{"line":132,"column":15}},"loc":{"start":{"line":132,"column":25},"end":{"line":132,"column":51}},"line":132},"8":{"name":"(anonymous_8)","decl":{"start":{"line":138,"column":27},"end":{"line":138,"column":28}},"loc":{"start":{"line":138,"column":33},"end":{"line":144,"column":3}},"line":138},"9":{"name":"(anonymous_9)","decl":{"start":{"line":143,"column":14},"end":{"line":143,"column":15}},"loc":{"start":{"line":143,"column":25},"end":{"line":143,"column":51}},"line":143},"10":{"name":"(anonymous_10)","decl":{"start":{"line":146,"column":19},"end":{"line":146,"column":20}},"loc":{"start":{"line":146,"column":28},"end":{"line":148,"column":3}},"line":146},"11":{"name":"(anonymous_11)","decl":{"start":{"line":186,"column":19},"end":{"line":186,"column":20}},"loc":{"start":{"line":186,"column":25},"end":{"line":186,"column":43}},"line":186},"12":{"name":"(anonymous_12)","decl":{"start":{"line":209,"column":24},"end":{"line":209,"column":25}},"loc":{"start":{"line":209,"column":31},"end":{"line":217,"column":15}},"line":209},"13":{"name":"(anonymous_13)","decl":{"start":{"line":225,"column":78},"end":{"line":225,"column":79}},"loc":{"start":{"line":225,"column":90},"end":{"line":225,"column":105}},"line":225},"14":{"name":"(anonymous_14)","decl":{"start":{"line":225,"column":116},"end":{"line":225,"column":117}},"loc":{"start":{"line":225,"column":122},"end":{"line":225,"column":138}},"line":225},"15":{"name":"(anonymous_15)","decl":{"start":{"line":274,"column":50},"end":{"line":274,"column":51}},"loc":{"start":{"line":274,"column":63},"end":{"line":274,"column":86}},"line":274},"16":{"name":"(anonymous_16)","decl":{"start":{"line":277,"column":45},"end":{"line":277,"column":46}},"loc":{"start":{"line":277,"column":51},"end":{"line":277,"column":79}},"line":277},"17":{"name":"(anonymous_17)","decl":{"start":{"line":312,"column":27},"end":{"line":312,"column":28}},"loc":{"start":{"line":312,"column":33},"end":{"line":312,"column":52}},"line":312}},"branchMap":{"0":{"loc":{"start":{"line":60,"column":4},"end":{"line":62,"column":5}},"type":"if","locations":[{"start":{"line":60,"column":4},"end":{"line":62,"column":5}},{"start":{},"end":{}}],"line":60},"1":{"loc":{"start":{"line":63,"column":4},"end":{"line":65,"column":5}},"type":"if","locations":[{"start":{"line":63,"column":4},"end":{"line":65,"column":5}},{"start":{},"end":{}}],"line":63},"2":{"loc":{"start":{"line":66,"column":4},"end":{"line":68,"column":5}},"type":"if","locations":[{"start":{"line":66,"column":4},"end":{"line":68,"column":5}},{"start":{},"end":{}}],"line":66},"3":{"loc":{"start":{"line":69,"column":4},"end":{"line":71,"column":5}},"type":"if","locations":[{"start":{"line":69,"column":4},"end":{"line":71,"column":5}},{"start":{},"end":{}}],"line":69},"4":{"loc":{"start":{"line":72,"column":4},"end":{"line":74,"column":5}},"type":"if","locations":[{"start":{"line":72,"column":4},"end":{"line":74,"column":5}},{"start":{},"end":{}}],"line":72},"5":{"loc":{"start":{"line":78,"column":4},"end":{"line":90,"column":5}},"type":"if","locations":[{"start":{"line":78,"column":4},"end":{"line":90,"column":5}},{"start":{},"end":{}}],"line":78},"6":{"loc":{"start":{"line":82,"column":8},"end":{"line":87,"column":9}},"type":"if","locations":[{"start":{"line":82,"column":8},"end":{"line":87,"column":9}},{"start":{},"end":{}}],"line":82},"7":{"loc":{"start":{"line":82,"column":12},"end":{"line":85,"column":67}},"type":"binary-expr","locations":[{"start":{"line":82,"column":12},"end":{"line":82,"column":30}},{"start":{"line":82,"column":34},"end":{"line":82,"column":55}},{"start":{"line":82,"column":59},"end":{"line":82,"column":79}},{"start":{"line":82,"column":83},"end":{"line":82,"column":107}},{"start":{"line":83,"column":11},"end":{"line":83,"column":34}},{"start":{"line":83,"column":38},"end":{"line":83,"column":56}},{"start":{"line":83,"column":60},"end":{"line":83,"column":79}},{"start":{"line":83,"column":83},"end":{"line":83,"column":107}},{"start":{"line":84,"column":11},"end":{"line":84,"column":36}},{"start":{"line":84,"column":40},"end":{"line":84,"column":65}},{"start":{"line":84,"column":69},"end":{"line":84,"column":96}},{"start":{"line":85,"column":11},"end":{"line":85,"column":37}},{"start":{"line":85,"column":41},"end":{"line":85,"column":67}}],"line":82},"8":{"loc":{"start":{"line":201,"column":17},"end":{"line":201,"column":140}},"type":"cond-expr","locations":[{"start":{"line":201,"column":40},"end":{"line":201,"column":71}},{"start":{"line":201,"column":74},"end":{"line":201,"column":140}}],"line":201},"9":{"loc":{"start":{"line":208,"column":21},"end":{"line":208,"column":38}},"type":"binary-expr","locations":[{"start":{"line":208,"column":21},"end":{"line":208,"column":32}},{"start":{"line":208,"column":36},"end":{"line":208,"column":38}}],"line":208},"10":{"loc":{"start":{"line":212,"column":16},"end":{"line":216,"column":17}},"type":"if","locations":[{"start":{"line":212,"column":16},"end":{"line":216,"column":17}},{"start":{"line":214,"column":23},"end":{"line":216,"column":17}}],"line":212},"11":{"loc":{"start":{"line":221,"column":20},"end":{"line":221,"column":88}},"type":"cond-expr","locations":[{"start":{"line":221,"column":29},"end":{"line":221,"column":81}},{"start":{"line":221,"column":84},"end":{"line":221,"column":88}}],"line":221},"12":{"loc":{"start":{"line":226,"column":22},"end":{"line":226,"column":56}},"type":"cond-expr","locations":[{"start":{"line":226,"column":37},"end":{"line":226,"column":50}},{"start":{"line":226,"column":52},"end":{"line":226,"column":56}}],"line":226},"13":{"loc":{"start":{"line":242,"column":21},"end":{"line":242,"column":41}},"type":"binary-expr","locations":[{"start":{"line":242,"column":21},"end":{"line":242,"column":35}},{"start":{"line":242,"column":39},"end":{"line":242,"column":41}}],"line":242},"14":{"loc":{"start":{"line":253,"column":22},"end":{"line":253,"column":39}},"type":"binary-expr","locations":[{"start":{"line":253,"column":22},"end":{"line":253,"column":33}},{"start":{"line":253,"column":37},"end":{"line":253,"column":39}}],"line":253},"15":{"loc":{"start":{"line":266,"column":22},"end":{"line":266,"column":40}},"type":"binary-expr","locations":[{"start":{"line":266,"column":22},"end":{"line":266,"column":34}},{"start":{"line":266,"column":38},"end":{"line":266,"column":40}}],"line":266},"16":{"loc":{"start":{"line":274,"column":15},"end":{"line":274,"column":96}},"type":"cond-expr","locations":[{"start":{"line":274,"column":39},"end":{"line":274,"column":89}},{"start":{"line":274,"column":92},"end":{"line":274,"column":96}}],"line":274},"17":{"loc":{"start":{"line":303,"column":15},"end":{"line":303,"column":115}},"type":"cond-expr","locations":[{"start":{"line":303,"column":50},"end":{"line":303,"column":108}},{"start":{"line":303,"column":111},"end":{"line":303,"column":115}}],"line":303},"18":{"loc":{"start":{"line":304,"column":15},"end":{"line":304,"column":115}},"type":"cond-expr","locations":[{"start":{"line":304,"column":50},"end":{"line":304,"column":108}},{"start":{"line":304,"column":111},"end":{"line":304,"column":115}}],"line":304},"19":{"loc":{"start":{"line":305,"column":15},"end":{"line":305,"column":119}},"type":"cond-expr","locations":[{"start":{"line":305,"column":52},"end":{"line":305,"column":112}},{"start":{"line":305,"column":115},"end":{"line":305,"column":119}}],"line":305},"20":{"loc":{"start":{"line":306,"column":15},"end":{"line":306,"column":117}},"type":"cond-expr","locations":[{"start":{"line":306,"column":51},"end":{"line":306,"column":110}},{"start":{"line":306,"column":113},"end":{"line":306,"column":117}}],"line":306},"21":{"loc":{"start":{"line":307,"column":15},"end":{"line":307,"column":117}},"type":"cond-expr","locations":[{"start":{"line":307,"column":51},"end":{"line":307,"column":110}},{"start":{"line":307,"column":113},"end":{"line":307,"column":117}}],"line":307},"22":{"loc":{"start":{"line":315,"column":12},"end":{"line":319,"column":57}},"type":"cond-expr","locations":[{"start":{"line":316,"column":10},"end":{"line":318,"column":49}},{"start":{"line":319,"column":12},"end":{"line":319,"column":57}}],"line":315},"23":{"loc":{"start":{"line":315,"column":12},"end":{"line":315,"column":36}},"type":"binary-expr","locations":[{"start":{"line":315,"column":12},"end":{"line":315,"column":22}},{"start":{"line":315,"column":26},"end":{"line":315,"column":36}}],"line":315}},"s":{"0":4,"1":4,"2":4,"3":4,"4":4,"5":4,"6":4,"7":4,"8":4,"9":4,"10":4,"11":4,"12":4,"13":4,"14":4,"15":4,"16":4,"17":4,"18":4,"19":4,"20":4,"21":0,"22":0,"23":0,"24":0,"25":0,"26":0,"27":0,"28":0,"29":0,"30":0,"31":0,"32":0,"33":0,"34":0,"35":0,"36":0,"37":0,"38":0,"39":0,"40":0,"41":0,"42":0,"43":0,"44":0,"45":0,"46":0,"47":0,"48":0,"49":4,"50":0,"51":0,"52":0,"53":0,"54":0,"55":0,"56":4,"57":0,"58":0,"59":0,"60":0,"61":0,"62":0,"63":0,"64":4,"65":0,"66":0,"67":0,"68":0,"69":0,"70":4,"71":0,"72":0,"73":0,"74":0,"75":0,"76":4,"77":0,"78":0,"79":0,"80":0,"81":0,"82":4,"83":4,"84":4,"85":4,"86":4,"87":4,"88":0,"89":0,"90":0,"91":0,"92":0,"93":0,"94":0,"95":0,"96":0,"97":0,"98":0},"f":{"0":4,"1":0,"2":0,"3":0,"4":0,"5":0,"6":0,"7":0,"8":0,"9":0,"10":0,"11":0,"12":0,"13":0,"14":0,"15":0,"16":0,"17":0},"b":{"0":[0,0],"1":[0,0],"2":[0,0],"3":[0,0],"4":[0,0],"5":[0,0],"6":[0,0],"7":[0,0,0,0,0,0,0,0,0,0,0,0,0],"8":[0,4],"9":[4,4],"10":[0,0],"11":[4,0],"12":[0,4],"13":[4,4],"14":[4,4],"15":[4,4],"16":[0,4],"17":[0,4],"18":[0,4],"19":[0,4],"20":[0,4],"21":[0,4],"22":[0,4],"23":[4,0]},"_coverageSchema":"1a1c01bbd47fc00a2c39e90264f33305004495a9","hash":"e4c3fdfa9431ffa0b556c66d5bf9e3f2de873dcc"}
[...]
,"/Users/mantaqaaoheen/Desktop/HackReact/FEC2212/src/Components/RnR/Stars.jsx": {"path":"/Users/mantaqaaoheen/Desktop/HackReact/FEC2212/src/Components/RnR/Stars.jsx","statementMap":{"0":{"start":{"line":9,"column":12},"end":{"line":74,"column":1}},"1":{"start":{"line":10,"column":16},"end":{"line":10,"column":29}},"2":{"start":{"line":11,"column":19},"end":{"line":11,"column":35}},"3":{"start":{"line":12,"column":17},"end":{"line":12,"column":31}},"4":{"start":{"line":14,"column":19},"end":{"line":14,"column":35}},"5":{"start":{"line":17,"column":13},"end":{"line":17,"column":14}},"6":{"start":{"line":18,"column":13},"end":{"line":18,"column":14}},"7":{"start":{"line":19,"column":14},"end":{"line":19,"column":15}},"8":{"start":{"line":20,"column":12},"end":{"line":20,"column":13}},"9":{"start":{"line":21,"column":12},"end":{"line":21,"column":13}},"10":{"start":{"line":22,"column":12},"end":{"line":22,"column":13}},"11":{"start":{"line":23,"column":24},"end":{"line":23,"column":25}},"12":{"start":{"line":24,"column":21},"end":{"line":24,"column":22}},"13":{"start":{"line":27,"column":2},"end":{"line":35,"column":3}},"14":{"start":{"line":28,"column":4},"end":{"line":28,"column":41}},"15":{"start":{"line":29,"column":4},"end":{"line":29,"column":41}},"16":{"start":{"line":30,"column":4},"end":{"line":30,"column":42}},"17":{"start":{"line":31,"column":4},"end":{"line":31,"column":40}},"18":{"start":{"line":32,"column":4},"end":{"line":32,"column":40}},"19":{"start":{"line":33,"column":4},"end":{"line":33,"column":60}},"20":{"start":{"line":34,"column":4},"end":{"line":34,"column":56}},"21":{"start":{"line":38,"column":2},"end":{"line":38,"column":40}},"22":{"start":{"line":40,"column":21},"end":{"line":40,"column":130}},"23":{"start":{"line":44,"column":17},"end":{"line":44,"column":47}},"24":{"start":{"line":45,"column":19},"end":{"line":45,"column":48}},"25":{"start":{"line":50,"column":14},"end":{"line":55,"column":3}},"26":{"start":{"line":59,"column":2},"end":{"line":73,"column":3}}},"fnMap":{"0":{"name":"(anonymous_0)","decl":{"start":{"line":9,"column":12},"end":{"line":9,"column":13}},"loc":{"start":{"line":9,"column":23},"end":{"line":74,"column":1}},"line":9}},"branchMap":{"0":{"loc":{"start":{"line":27,"column":2},"end":{"line":35,"column":3}},"type":"if","locations":[{"start":{"line":27,"column":2},"end":{"line":35,"column":3}},{"start":{},"end":{}}],"line":27}},"s":{"0":4,"1":4,"2":4,"3":4,"4":4,"5":4,"6":4,"7":4,"8":4,"9":4,"10":4,"11":4,"12":4,"13":4,"14":0,"15":0,"16":0,"17":0,"18":0,"19":0,"20":0,"21":4,"22":4,"23":4,"24":4,"25":4,"26":4},"f":{"0":4},"b":{"0":[0,4]},"_coverageSchema":"1a1c01bbd47fc00a2c39e90264f33305004495a9","hash":"e65d30c57c463b2545177942592a10b6d7c40435"}
,"/Users/mantaqaaoheen/Desktop/HackReact/FEC2212/src/Components/SharedComponents/Darkmode.jsx": {"path":"/Users/mantaqaaoheen/Desktop/HackReact/FEC2212/src/Components/SharedComponents/Darkmode.jsx","statementMap":{"0":{"start":{"line":3,"column":17},"end":{"line":41,"column":1}},"1":{"start":{"line":4,"column":21},"end":{"line":4,"column":30}},"2":{"start":{"line":5,"column":15},"end":{"line":5,"column":28}},"3":{"start":{"line":6,"column":21},"end":{"line":6,"column":28}},"4":{"start":{"line":7,"column":20},"end":{"line":7,"column":26}},"5":{"start":{"line":10,"column":2},"end":{"line":12,"column":3}},"6":{"start":{"line":11,"column":4},"end":{"line":11,"column":42}},"7":{"start":{"line":14,"column":2},"end":{"line":18,"column":3}},"8":{"start":{"line":15,"column":4},"end":{"line":15,"column":30}},"9":{"start":{"line":17,"column":4},"end":{"line":17,"column":35}},"10":{"start":{"line":20,"column":22},"end":{"line":32,"column":3}},"11":{"start":{"line":21,"column":4},"end":{"line":31,"column":5}},"12":{"start":{"line":22,"column":6},"end":{"line":22,"column":52}},"13":{"start":{"line":23,"column":6},"end":{"line":23,"column":46}},"14":{"start":{"line":24,"column":6},"end":{"line":24,"column":45}},"15":{"start":{"line":25,"column":6},"end":{"line":25,"column":25}},"16":{"start":{"line":27,"column":6},"end":{"line":27,"column":52}},"17":{"start":{"line":28,"column":6},"end":{"line":28,"column":43}},"18":{"start":{"line":29,"column":6},"end":{"line":29,"column":44}},"19":{"start":{"line":30,"column":6},"end":{"line":30,"column":24}},"20":{"start":{"line":34,"column":2},"end":{"line":40,"column":4}},"21":{"start":{"line":38,"column":22},"end":{"line":38,"column":36}}},"fnMap":{"0":{"name":"(anonymous_0)","decl":{"start":{"line":3,"column":17},"end":{"line":3,"column":18}},"loc":{"start":{"line":3,"column":23},"end":{"line":41,"column":1}},"line":3},"1":{"name":"(anonymous_1)","decl":{"start":{"line":20,"column":22},"end":{"line":20,"column":23}},"loc":{"start":{"line":20,"column":29},"end":{"line":32,"column":3}},"line":20},"2":{"name":"(anonymous_2)","decl":{"start":{"line":38,"column":15},"end":{"line":38,"column":16}},"loc":{"start":{"line":38,"column":22},"end":{"line":38,"column":36}},"line":38}},"branchMap":{"0":{"loc":{"start":{"line":10,"column":2},"end":{"line":12,"column":3}},"type":"if","locations":[{"start":{"line":10,"column":2},"end":{"line":12,"column":3}},{"start":{},"end":{}}],"line":10},"1":{"loc":{"start":{"line":14,"column":2},"end":{"line":18,"column":3}},"type":"if","locations":[{"start":{"line":14,"column":2},"end":{"line":18,"column":3}},{"start":{"line":16,"column":9},"end":{"line":18,"column":3}}],"line":14},"2":{"loc":{"start":{"line":14,"column":6},"end":{"line":14,"column":49}},"type":"binary-expr","locations":[{"start":{"line":14,"column":6},"end":{"line":14,"column":26}},{"start":{"line":14,"column":30},"end":{"line":14,"column":49}}],"line":14},"3":{"loc":{"start":{"line":21,"column":4},"end":{"line":31,"column":5}},"type":"if","locations":[{"start":{"line":21,"column":4},"end":{"line":31,"column":5}},{"start":{"line":26,"column":11},"end":{"line":31,"column":5}}],"line":21},"4":{"loc":{"start":{"line":36,"column":17},"end":{"line":36,"column":53}},"type":"cond-expr","locations":[{"start":{"line":36,"column":36},"end":{"line":36,"column":48}},{"start":{"line":36,"column":51},"end":{"line":36,"column":53}}],"line":36}},"s":{"0":4,"1":4,"2":4,"3":4,"4":4,"5":4,"6":4,"7":4,"8":0,"9":4,"10":4,"11":0,"12":0,"13":0,"14":0,"15":0,"16":0,"17":0,"18":0,"19":0,"20":4,"21":0},"f":{"0":4,"1":0,"2":0},"b":{"0":[4,0],"1":[0,4],"2":[4,4],"3":[0,0],"4":[0,4]},"_coverageSchema":"1a1c01bbd47fc00a2c39e90264f33305004495a9","hash":"dfb1cd96db4de4657cc5197dcca40cf979f15dc4"}
,"/Users/mantaqaaoheen/Desktop/HackReact/FEC2212/src/Components/SharedComponents/Helpful.jsx": {"path":"/Users/mantaqaaoheen/Desktop/HackReact/FEC2212/src/Components/SharedComponents/Helpful.jsx","statementMap":{"0":{"start":{"line":5,"column":14},"end":{"line":30,"column":1}},"1":{"start":{"line":7,"column":24},"end":{"line":7,"column":39}},"2":{"start":{"line":8,"column":30},"end":{"line":8,"column":44}},"3":{"start":{"line":10,"column":21},"end":{"line":23,"column":3}},"4":{"start":{"line":11,"column":4},"end":{"line":22,"column":7}},"5":{"start":{"line":12,"column":4},"end":{"line":12,"column":22}},"6":{"start":{"line":13,"column":4},"end":{"line":13,"column":23}},"7":{"start":{"line":14,"column":4},"end":{"line":22,"column":6}},"8":{"start":{"line":25,"column":2},"end":{"line":29,"column":3}},"9":{"start":{"line":27,"column":39},"end":{"line":27,"column":53}}},"fnMap":{"0":{"name":"(anonymous_0)","decl":{"start":{"line":5,"column":14},"end":{"line":5,"column":15}},"loc":{"start":{"line":5,"column":37},"end":{"line":30,"column":1}},"line":5},"1":{"name":"(anonymous_1)","decl":{"start":{"line":10,"column":21},"end":{"line":10,"column":22}},"loc":{"start":{"line":10,"column":27},"end":{"line":23,"column":3}},"line":10},"2":{"name":"(anonymous_2)","decl":{"start":{"line":17,"column":10},"end":{"line":17,"column":11}},"loc":{"start":{"line":17,"column":19},"end":{"line":19,"column":5}},"line":17},"3":{"name":"(anonymous_3)","decl":{"start":{"line":20,"column":11},"end":{"line":20,"column":12}},"loc":{"start":{"line":20,"column":20},"end":{"line":22,"column":5}},"line":20},"4":{"name":"(anonymous_4)","decl":{"start":{"line":27,"column":33},"end":{"line":27,"column":34}},"loc":{"start":{"line":27,"column":39},"end":{"line":27,"column":53}},"line":27}},"branchMap":{"0":{"loc":{"start":{"line":11,"column":4},"end":{"line":22,"column":7}},"type":"if","locations":[{"start":{"line":11,"column":4},"end":{"line":22,"column":7}},{"start":{},"end":{}}],"line":11},"1":{"loc":{"start":{"line":15,"column":11},"end":{"line":15,"column":113}},"type":"cond-expr","locations":[{"start":{"line":15,"column":60},"end":{"line":15,"column":87}},{"start":{"line":15,"column":89},"end":{"line":15,"column":113}}],"line":15},"2":{"loc":{"start":{"line":15,"column":11},"end":{"line":15,"column":57}},"type":"binary-expr","locations":[{"start":{"line":15,"column":12},"end":{"line":15,"column":30}},{"start":{"line":15,"column":36},"end":{"line":15,"column":56}}],"line":15}},"s":{"0":4,"1":0,"2":0,"3":0,"4":0,"5":0,"6":0,"7":0,"8":0,"9":0},"f":{"0":0,"1":0,"2":0,"3":0,"4":0},"b":{"0":[0,0],"1":[0,0],"2":[0,0]},"_coverageSchema":"1a1c01bbd47fc00a2c39e90264f33305004495a9","hash":"692c77ecea05a8dccba91c94f5b0286b6e417095"}
,"/Users/mantaqaaoheen/Desktop/HackReact/FEC2212/src/Components/SharedComponents/Modal.jsx": {"path":"/Users/mantaqaaoheen/Desktop/HackReact/FEC2212/src/Components/SharedComponents/Modal.jsx","statementMap":{"0":{"start":{"line":4,"column":14},"end":{"line":29,"column":1}},"1":{"start":{"line":5,"column":21},"end":{"line":5,"column":29}},"2":{"start":{"line":7,"column":4},"end":{"line":17,"column":16}},"3":{"start":{"line":8,"column":36},"end":{"line":12,"column":9}},"4":{"start":{"line":9,"column":12},"end":{"line":11,"column":13}},"5":{"start":{"line":10,"column":16},"end":{"line":10,"column":37}},"6":{"start":{"line":13,"column":8},"end":{"line":13,"column":62}},"7":{"start":{"line":14,"column":8},"end":{"line":16,"column":10}},"8":{"start":{"line":15,"column":12},"end":{"line":15,"column":69}},"9":{"start":{"line":19,"column":4},"end":{"line":28,"column":11}},"10":{"start":{"line":22,"column":63},"end":{"line":22,"column":83}},"11":{"start":{"line":33,"column":27},"end":{"line":37,"column":1}},"12":{"start":{"line":34,"column":4},"end":{"line":36,"column":10}},"13":{"start":{"line":39,"column":25},"end":{"line":43,"column":1}},"14":{"start":{"line":40,"column":4},"end":{"line":42,"column":10}},"15":{"start":{"line":45,"column":27},"end":{"line":49,"column":1}},"16":{"start":{"line":46,"column":4},"end":{"line":48,"column":10}}},"fnMap":{"0":{"name":"(anonymous_0)","decl":{"start":{"line":4,"column":14},"end":{"line":4,"column":15}},"loc":{"start":{"line":4,"column":23},"end":{"line":29,"column":1}},"line":4},"1":{"name":"(anonymous_1)","decl":{"start":{"line":7,"column":14},"end":{"line":7,"column":15}},"loc":{"start":{"line":7,"column":20},"end":{"line":17,"column":5}},"line":7},"2":{"name":"(anonymous_2)","decl":{"start":{"line":8,"column":36},"end":{"line":8,"column":37}},"loc":{"start":{"line":8,"column":43},"end":{"line":12,"column":9}},"line":8},"3":{"name":"(anonymous_3)","decl":{"start":{"line":14,"column":15},"end":{"line":14,"column":16}},"loc":{"start":{"line":14,"column":21},"end":{"line":16,"column":9}},"line":14},"4":{"name":"(anonymous_4)","decl":{"start":{"line":22,"column":57},"end":{"line":22,"column":58}},"loc":{"start":{"line":22,"column":63},"end":{"line":22,"column":83}},"line":22},"5":{"name":"(anonymous_5)","decl":{"start":{"line":33,"column":27},"end":{"line":33,"column":28}},"loc":{"start":{"line":33,"column":36},"end":{"line":37,"column":1}},"line":33},"6":{"name":"(anonymous_6)","decl":{"start":{"line":39,"column":25},"end":{"line":39,"column":26}},"loc":{"start":{"line":39,"column":34},"end":{"line":43,"column":1}},"line":39},"7":{"name":"(anonymous_7)","decl":{"start":{"line":45,"column":27},"end":{"line":45,"column":28}},"loc":{"start":{"line":45,"column":36},"end":{"line":49,"column":1}},"line":45}},"branchMap":{"0":{"loc":{"start":{"line":9,"column":12},"end":{"line":11,"column":13}},"type":"if","locations":[{"start":{"line":9,"column":12},"end":{"line":11,"column":13}},{"start":{},"end":{}}],"line":9},"1":{"loc":{"start":{"line":19,"column":51},"end":{"line":19,"column":77}},"type":"cond-expr","locations":[{"start":{"line":19,"column":64},"end":{"line":19,"column":72}},{"start":{"line":19,"column":75},"end":{"line":19,"column":77}}],"line":19},"2":{"loc":{"start":{"line":22,"column":16},"end":{"line":24,"column":23}},"type":"binary-expr","locations":[{"start":{"line":22,"column":16},"end":{"line":22,"column":38}},{"start":{"line":22,"column":42},"end":{"line":24,"column":23}}],"line":22}},"s":{"0":4,"1":20,"2":20,"3":20,"4":0,"5":0,"6":20,"7":20,"8":20,"9":20,"10":0,"11":4,"12":20,"13":4,"14":20,"15":4,"16":16},"f":{"0":20,"1":20,"2":0,"3":20,"4":0,"5":20,"6":20,"7":16},"b":{"0":[0,0],"1":[0,20],"2":[20,20]},"_coverageSchema":"1a1c01bbd47fc00a2c39e90264f33305004495a9","hash":"c449c2fbddcf8c64540027908d6ae4dceeff619a"}
,"/Users/mantaqaaoheen/Desktop/HackReact/FEC2212/src/Components/SharedComponents/Modalpicture.jsx": {"path":"/Users/mantaqaaoheen/Desktop/HackReact/FEC2212/src/Components/SharedComponents/Modalpicture.jsx","statementMap":{"0":{"start":{"line":4,"column":21},"end":{"line":29,"column":1}},"1":{"start":{"line":5,"column":21},"end":{"line":5,"column":29}},"2":{"start":{"line":7,"column":4},"end":{"line":17,"column":16}},"3":{"start":{"line":8,"column":36},"end":{"line":12,"column":9}},"4":{"start":{"line":9,"column":12},"end":{"line":11,"column":13}},"5":{"start":{"line":10,"column":16},"end":{"line":10,"column":37}},"6":{"start":{"line":13,"column":8},"end":{"line":13,"column":62}},"7":{"start":{"line":14,"column":8},"end":{"line":16,"column":10}},"8":{"start":{"line":15,"column":12},"end":{"line":15,"column":69}},"9":{"start":{"line":19,"column":4},"end":{"line":28,"column":11}},"10":{"start":{"line":22,"column":63},"end":{"line":22,"column":83}},"11":{"start":{"line":33,"column":27},"end":{"line":37,"column":1}},"12":{"start":{"line":34,"column":4},"end":{"line":36,"column":10}},"13":{"start":{"line":39,"column":25},"end":{"line":43,"column":1}},"14":{"start":{"line":40,"column":4},"end":{"line":42,"column":10}},"15":{"start":{"line":45,"column":27},"end":{"line":49,"column":1}},"16":{"start":{"line":46,"column":4},"end":{"line":48,"column":10}}},"fnMap":{"0":{"name":"(anonymous_0)","decl":{"start":{"line":4,"column":21},"end":{"line":4,"column":22}},"loc":{"start":{"line":4,"column":30},"end":{"line":29,"column":1}},"line":4},"1":{"name":"(anonymous_1)","decl":{"start":{"line":7,"column":14},"end":{"line":7,"column":15}},"loc":{"start":{"line":7,"column":20},"end":{"line":17,"column":5}},"line":7},"2":{"name":"(anonymous_2)","decl":{"start":{"line":8,"column":36},"end":{"line":8,"column":37}},"loc":{"start":{"line":8,"column":43},"end":{"line":12,"column":9}},"line":8},"3":{"name":"(anonymous_3)","decl":{"start":{"line":14,"column":15},"end":{"line":14,"column":16}},"loc":{"start":{"line":14,"column":21},"end":{"line":16,"column":9}},"line":14},"4":{"name":"(anonymous_4)","decl":{"start":{"line":22,"column":57},"end":{"line":22,"column":58}},"loc":{"start":{"line":22,"column":63},"end":{"line":22,"column":83}},"line":22},"5":{"name":"(anonymous_5)","decl":{"start":{"line":33,"column":27},"end":{"line":33,"column":28}},"loc":{"start":{"line":33,"column":36},"end":{"line":37,"column":1}},"line":33},"6":{"name":"(anonymous_6)","decl":{"start":{"line":39,"column":25},"end":{"line":39,"column":26}},"loc":{"start":{"line":39,"column":34},"end":{"line":43,"column":1}},"line":39},"7":{"name":"(anonymous_7)","decl":{"start":{"line":45,"column":27},"end":{"line":45,"column":28}},"loc":{"start":{"line":45,"column":36},"end":{"line":49,"column":1}},"line":45}},"branchMap":{"0":{"loc":{"start":{"line":9,"column":12},"end":{"line":11,"column":13}},"type":"if","locations":[{"start":{"line":9,"column":12},"end":{"line":11,"column":13}},{"start":{},"end":{}}],"line":9},"1":{"loc":{"start":{"line":19,"column":52},"end":{"line":19,"column":78}},"type":"cond-expr","locations":[{"start":{"line":19,"column":65},"end":{"line":19,"column":73}},{"start":{"line":19,"column":76},"end":{"line":19,"column":78}}],"line":19},"2":{"loc":{"start":{"line":22,"column":16},"end":{"line":24,"column":23}},"type":"binary-expr","locations":[{"start":{"line":22,"column":16},"end":{"line":22,"column":38}},{"start":{"line":22,"column":42},"end":{"line":24,"column":23}}],"line":22}},"s":{"0":4,"1":0,"2":0,"3":0,"4":0,"5":0,"6":0,"7":0,"8":0,"9":0,"10":0,"11":4,"12":0,"13":4,"14":0,"15":4,"16":0},"f":{"0":0,"1":0,"2":0,"3":0,"4":0,"5":0,"6":0,"7":0},"b":{"0":[0,0],"1":[0,0],"2":[0,0]},"_coverageSchema":"1a1c01bbd47fc00a2c39e90264f33305004495a9","hash":"8174c96d4dbc7d69dd0f363ffd24e72d7bfa8afa"}
,"/Users/mantaqaaoheen/Desktop/HackReact/FEC2212/src/Components/SharedComponents/Report.jsx": {"path":"/Users/mantaqaaoheen/Desktop/HackReact/FEC2212/src/Components/SharedComponents/Report.jsx","statementMap":{"0":{"start":{"line":5,"column":13},"end":{"line":26,"column":1}},"1":{"start":{"line":7,"column":20},"end":{"line":7,"column":38}},"2":{"start":{"line":8,"column":28},"end":{"line":8,"column":43}},"3":{"start":{"line":10,"column":21},"end":{"line":19,"column":3}},"4":{"start":{"line":12,"column":4},"end":{"line":18,"column":5}},"5":{"start":{"line":13,"column":6},"end":{"line":13,"column":21}},"6":{"start":{"line":14,"column":6},"end":{"line":14,"column":24}},"7":{"start":{"line":15,"column":6},"end":{"line":17,"column":8}},"8":{"start":{"line":21,"column":2},"end":{"line":25,"column":3}}},"fnMap":{"0":{"name":"(anonymous_0)","decl":{"start":{"line":5,"column":13},"end":{"line":5,"column":14}},"loc":{"start":{"line":5,"column":29},"end":{"line":26,"column":1}},"line":5},"1":{"name":"(anonymous_1)","decl":{"start":{"line":10,"column":21},"end":{"line":10,"column":22}},"loc":{"start":{"line":10,"column":27},"end":{"line":19,"column":3}},"line":10}},"branchMap":{"0":{"loc":{"start":{"line":12,"column":4},"end":{"line":18,"column":5}},"type":"if","locations":[{"start":{"line":12,"column":4},"end":{"line":18,"column":5}},{"start":{},"end":{}}],"line":12},"1":{"loc":{"start":{"line":16,"column":14},"end":{"line":16,"column":86}},"type":"cond-expr","locations":[{"start":{"line":16,"column":35},"end":{"line":16,"column":61}},{"start":{"line":16,"column":63},"end":{"line":16,"column":86}}],"line":16}},"s":{"0":4,"1":0,"2":0,"3":0,"4":0,"5":0,"6":0,"7":0,"8":0},"f":{"0":0,"1":0},"b":{"0":[0,0],"1":[0,0]},"_coverageSchema":"1a1c01bbd47fc00a2c39e90264f33305004495a9","hash":"14d8bc8eb34d8c79f0af985d1cf4af66e807c36e"}
}
