{"/Users/mantaqaaoheen/Desktop/HackReact/FEC2212/styleMock.js": {"path":"/Users/mantaqaaoheen/Desktop/HackReact/FEC2212/styleMock.js","statementMap":{},"fnMap":{},"branchMap":{},"s":{},"f":{},"b":{},"_coverageSchema":"1a1c01bbd47fc00a2c39e90264f33305004495a9","hash":"66021d2730e033b720dc644f66edfc70493e6f3d"}
,"/Users/mantaqaaoheen/Desktop/HackReact/FEC2212/src/App.jsx": {"path":"/Users/mantaqaaoheen/Desktop/HackReact/FEC2212/src/App.jsx","statementMap":{"0":{"start":{"line":8,"column":2},"end":{"line":14,"column":4}}},"fnMap":{"0":{"name":"App","decl":{"start":{"line":7,"column":9},"end":{"line":7,"column":12}},"loc":{"start":{"line":7,"column":15},"end":{"line":15,"column":1}},"line":7}},"branchMap":{},"s":{"0":4},"f":{"0":4},"b":{},"_coverageSchema":"1a1c01bbd47fc00a2c39e90264f33305004495a9","hash":"8184adffb7a63afff2d83fb4c0d83c69592cebad"}
,"/Users/mantaqaaoheen/Desktop/HackReact/FEC2212/src/Components/Overview.jsx": {"path":"/Users/mantaqaaoheen/Desktop/HackReact/FEC2212/src/Components/Overview.jsx","statementMap":{"0":{"start":{"line":2,"column":14},"end":{"line":2,"column":30}},"1":{"start":{"line":8,"column":2},"end":{"line":12,"column":3}}},"fnMap":{"0":{"name":"Overview","decl":{"start":{"line":4,"column":9},"end":{"line":4,"column":17}},"loc":{"start":{"line":4,"column":21},"end":{"line":13,"column":1}},"line":4}},"branchMap":{},"s":{"0":4,"1":4},"f":{"0":4},"b":{},"_coverageSchema":"1a1c01bbd47fc00a2c39e90264f33305004495a9","hash":"1219adc58b246661965cf6b18e97755d21a8b189"}
,"/Users/mantaqaaoheen/Desktop/HackReact/FEC2212/src/Components/QnA/QandA.jsx": {"path":"/Users/mantaqaaoheen/Desktop/HackReact/FEC2212/src/Components/QnA/QandA.jsx","statementMap":{"0":{"start":{"line":4,"column":12},"end":{"line":11,"column":1}},"1":{"start":{"line":6,"column":28},"end":{"line":6,"column":39}},"2":{"start":{"line":8,"column":2},"end":{"line":10,"column":3}},"3":{"start":{"line":9,"column":25},"end":{"line":9,"column":44}}},"fnMap":{"0":{"name":"(anonymous_0)","decl":{"start":{"line":4,"column":12},"end":{"line":4,"column":13}},"loc":{"start":{"line":4,"column":18},"end":{"line":11,"column":1}},"line":4},"1":{"name":"(anonymous_1)","decl":{"start":{"line":9,"column":18},"end":{"line":9,"column":19}},"loc":{"start":{"line":9,"column":24},"end":{"line":9,"column":45}},"line":9}},"branchMap":{},"s":{"0":4,"1":4,"2":4,"3":0},"f":{"0":4,"1":0},"b":{},"_coverageSchema":"1a1c01bbd47fc00a2c39e90264f33305004495a9","hash":"ed4f9aae8ab41d2df7ea01cf97ae48c195d4b032"}
}
