TN:
SF:config.js
FNF:0
FNH:0
DA:1,4
LF:1
LH:1
BRF:0
BRH:0
end_of_record
TN:
SF:styleMock.js
FNF:0
FNH:0
LF:0
LH:0
BRF:0
BRH:0
end_of_record
TN:
SF:src/App.jsx
FN:9,App
FN:22,(anonymous_1)
FN:26,(anonymous_2)
FN:34,(anonymous_3)
FN:46,(anonymous_4)
FN:54,(anonymous_5)
FN:61,(anonymous_6)
FN:65,(anonymous_7)
FN:72,(anonymous_8)
FN:76,(anonymous_9)
FN:84,(anonymous_10)
FN:90,(anonymous_11)
FN:91,(anonymous_12)
FNF:13
FNH:4
FNDA:4,App
FNDA:4,(anonymous_1)
FNDA:0,(anonymous_2)
FNDA:0,(anonymous_3)
FNDA:0,(anonymous_4)
FNDA:4,(anonymous_5)
FNDA:0,(anonymous_6)
FNDA:0,(anonymous_7)
FNDA:0,(anonymous_8)
FNDA:0,(anonymous_9)
FNDA:4,(anonymous_10)
FNDA:0,(anonymous_11)
FNDA:0,(anonymous_12)
DA:6,4
DA:11,4
DA:12,4
DA:13,4
DA:14,4
DA:15,4
DA:16,4
DA:17,4
DA:18,4
DA:19,4
DA:20,4
DA:22,4
DA:23,4
DA:27,0
DA:28,0
DA:31,0
DA:35,0
DA:36,0
DA:37,0
DA:54,4
DA:55,4
DA:56,0
DA:63,0
DA:66,0
DA:68,0
DA:73,0
DA:77,0
DA:84,4
DA:85,4
DA:86,0
DA:90,0
DA:91,0
DA:95,4
LF:33
LH:18
BRDA:55,0,0,0
BRDA:55,0,1,4
BRDA:85,1,0,0
BRDA:85,1,1,4
BRF:4
BRH:2
end_of_record
TN:
SF:src/Components/OVCarouselImage.jsx
FN:3,OVCarouselImage
FN:14,(anonymous_1)
FNF:2
FNH:1
FNDA:24,OVCarouselImage
FNDA:0,(anonymous_1)
DA:4,24
DA:5,24
DA:6,24
DA:7,24
DA:8,24
DA:9,24
DA:10,24
DA:14,24
DA:15,0
DA:16,0
DA:18,24
LF:11
LH:9
BRDA:7,0,0,24
BRDA:7,0,1,0
BRDA:20,1,0,24
BRDA:20,1,1,0
BRF:4
BRH:2
end_of_record
TN:
SF:src/Components/OVImages.jsx
FN:5,OVImages
FN:19,(anonymous_1)
FN:24,(anonymous_2)
FN:29,(anonymous_3)
FN:39,(anonymous_4)
FN:76,(anonymous_5)
FN:83,(anonymous_6)
FN:104,(anonymous_7)
FN:107,(anonymous_8)
FN:122,(anonymous_9)
FNF:10
FNH:4
FNDA:4,OVImages
FNDA:4,(anonymous_1)
FNDA:0,(anonymous_2)
FNDA:0,(anonymous_3)
FNDA:0,(anonymous_4)
FNDA:0,(anonymous_5)
FNDA:0,(anonymous_6)
FNDA:4,(anonymous_7)
FNDA:0,(anonymous_8)
FNDA:24,(anonymous_9)
DA:7,4
DA:8,4
DA:9,4
DA:10,4
DA:11,4
DA:12,4
DA:14,4
DA:15,4
DA:19,4
DA:20,4
DA:24,4
DA:25,0
DA:29,4
DA:30,0
DA:31,0
DA:32,0
DA:33,0
DA:34,0
DA:39,4
DA:40,0
DA:41,0
DA:42,0
DA:43,0
DA:44,0
DA:45,0
DA:46,0
DA:47,0
DA:48,0
DA:49,0
DA:52,0
DA:53,0
DA:54,0
DA:55,0
DA:60,4
DA:61,4
DA:63,0
DA:66,4
DA:67,4
DA:68,4
DA:71,0
DA:74,4
DA:76,4
DA:77,0
DA:78,0
DA:79,0
DA:80,0
DA:83,4
DA:84,0
DA:85,0
DA:86,0
DA:87,0
DA:104,4
DA:105,4
DA:106,4
DA:107,0
DA:109,0
DA:110,0
DA:111,0
DA:117,4
DA:123,24
LF:60
LH:26
BRDA:30,0,0,0
BRDA:30,0,1,0
BRDA:40,1,0,0
BRDA:40,1,1,0
BRDA:45,2,0,0
BRDA:45,2,1,0
BRDA:60,3,0,4
BRDA:60,3,1,0
BRDA:66,4,0,4
BRDA:66,4,1,0
BRDA:67,5,0,4
BRDA:67,5,1,0
BRDA:74,6,0,4
BRDA:74,6,1,4
BRDA:106,7,0,0
BRDA:106,7,1,4
BRF:16
BRH:6
end_of_record
TN:
SF:src/Components/OVProd.jsx
FN:9,OVProd
FN:13,handleClick
FN:17,(anonymous_2)
FN:20,(anonymous_3)
FNF:4
FNH:1
FNDA:4,OVProd
FNDA:0,handleClick
FNDA:0,(anonymous_2)
FNDA:0,(anonymous_3)
DA:7,4
DA:14,0
DA:18,0
DA:21,0
DA:26,4
LF:5
LH:2
BRF:0
BRH:0
end_of_record
TN:
SF:src/Components/OVProdInfo.jsx
FN:9,OVProdInfo
FN:29,(anonymous_1)
FN:50,(anonymous_2)
FN:56,(anonymous_3)
FN:114,(anonymous_4)
FN:189,(anonymous_5)
FN:200,(anonymous_6)
FN:207,(anonymous_7)
FNF:8
FNH:2
FNDA:4,OVProdInfo
FNDA:0,(anonymous_1)
FNDA:0,(anonymous_2)
FNDA:0,(anonymous_3)
FNDA:0,(anonymous_4)
FNDA:0,(anonymous_5)
FNDA:4,(anonymous_6)
FNDA:0,(anonymous_7)
DA:10,4
DA:11,4
DA:12,4
DA:14,4
DA:15,4
DA:16,4
DA:17,4
DA:18,4
DA:19,4
DA:22,4
DA:23,4
DA:24,4
DA:29,4
DA:30,0
DA:39,0
DA:40,0
DA:41,0
DA:44,0
DA:45,0
DA:50,4
DA:51,0
DA:52,0
DA:56,4
DA:57,0
DA:58,0
DA:60,0
DA:61,0
DA:62,0
DA:63,0
DA:67,0
DA:68,0
DA:69,0
DA:70,0
DA:79,4
DA:84,4
DA:85,0
DA:86,0
DA:87,0
DA:90,4
DA:92,4
DA:95,4
DA:99,4
DA:100,0
DA:101,0
DA:102,0
DA:103,0
DA:107,0
DA:108,0
DA:109,0
DA:111,0
DA:114,4
DA:120,0
DA:123,4
DA:124,4
DA:125,4
DA:126,4
DA:127,4
DA:128,4
DA:129,4
DA:130,4
DA:131,4
DA:134,4
DA:135,0
DA:136,0
DA:137,0
DA:138,0
DA:139,0
DA:140,0
DA:141,0
DA:145,4
DA:147,4
DA:151,4
DA:152,4
DA:155,4
DA:190,0
DA:201,4
DA:208,0
LF:77
LH:38
BRDA:40,0,0,0
BRDA:40,0,1,0
BRDA:60,1,0,0
BRDA:60,1,1,0
BRDA:61,2,0,0
BRDA:61,2,1,0
BRDA:79,3,0,4
BRDA:79,3,1,0
BRDA:84,4,0,0
BRDA:84,4,1,4
BRDA:95,5,0,4
BRDA:95,5,1,4
BRDA:99,6,0,0
BRDA:99,6,1,4
BRDA:103,7,0,0
BRDA:103,7,1,0
BRDA:107,8,0,0
BRDA:107,8,1,0
BRDA:107,9,0,0
BRDA:107,9,1,0
BRDA:134,10,0,0
BRDA:134,10,1,4
BRF:22
BRH:6
end_of_record
TN:
SF:src/Components/OVStyle.jsx
FN:3,OVStyle
FN:7,handleClick
FNF:2
FNH:0
FNDA:0,OVStyle
FNDA:0,handleClick
DA:5,0
DA:8,0
DA:9,0
DA:10,0
DA:11,0
DA:14,0
DA:15,0
DA:18,0
LF:8
LH:0
BRDA:5,0,0,0
BRDA:5,0,1,0
BRDA:14,1,0,0
BRDA:14,1,1,0
BRDA:20,2,0,0
BRDA:20,2,1,0
BRF:6
BRH:0
end_of_record
TN:
SF:src/Components/Overview.jsx
FN:9,Overview
FNF:1
FNH:1
FNDA:4,Overview
DA:7,4
DA:16,4
LF:2
LH:2
BRF:0
BRH:0
end_of_record
TN:
SF:src/Components/QnA/AddAnswer.jsx
FN:6,AddAnswer
FN:11,(anonymous_1)
FN:19,(anonymous_2)
FN:26,(anonymous_3)
FN:29,(anonymous_4)
FN:34,(anonymous_5)
FN:86,(anonymous_6)
FN:89,(anonymous_7)
FN:89,(anonymous_8)
FN:97,(anonymous_9)
FNF:10
FNH:0
FNDA:0,AddAnswer
FNDA:0,(anonymous_1)
FNDA:0,(anonymous_2)
FNDA:0,(anonymous_3)
FNDA:0,(anonymous_4)
FNDA:0,(anonymous_5)
FNDA:0,(anonymous_6)
FNDA:0,(anonymous_7)
FNDA:0,(anonymous_8)
FNDA:0,(anonymous_9)
DA:7,0
DA:8,0
DA:9,0
DA:11,0
DA:12,0
DA:13,0
DA:15,0
DA:20,0
DA:21,0
DA:22,0
DA:26,0
DA:27,0
DA:28,0
DA:29,0
DA:32,0
DA:34,0
DA:87,0
DA:89,0
DA:97,0
LF:19
LH:0
BRDA:56,0,0,0
BRDA:56,0,1,0
BRDA:64,1,0,0
BRDA:64,1,1,0
BRDA:76,2,0,0
BRDA:76,2,1,0
BRDA:84,3,0,0
BRDA:84,3,1,0
BRF:8
BRH:0
end_of_record
TN:
SF:src/Components/QnA/AddPhotos.jsx
FN:4,(anonymous_0)
FN:8,(anonymous_1)
FN:11,(anonymous_2)
FN:13,(anonymous_3)
FN:20,(anonymous_4)
FNF:5
FNH:0
FNDA:0,(anonymous_0)
FNDA:0,(anonymous_1)
FNDA:0,(anonymous_2)
FNDA:0,(anonymous_3)
FNDA:0,(anonymous_4)
DA:4,4
DA:5,0
DA:6,0
DA:8,0
DA:9,0
DA:11,0
DA:12,0
DA:13,0
DA:14,0
DA:15,0
DA:18,0
DA:20,0
LF:12
LH:1
BRF:0
BRH:0
end_of_record
TN:
SF:src/Components/QnA/AddQuestion.jsx
FN:6,AddQuestion
FN:10,(anonymous_1)
FN:21,(anonymous_2)
FN:24,(anonymous_3)
FN:27,(anonymous_4)
FN:32,(anonymous_5)
FN:85,(anonymous_6)
FNF:7
FNH:1
FNDA:12,AddQuestion
FNDA:0,(anonymous_1)
FNDA:0,(anonymous_2)
FNDA:0,(anonymous_3)
FNDA:0,(anonymous_4)
FNDA:0,(anonymous_5)
FNDA:0,(anonymous_6)
DA:7,12
DA:8,12
DA:10,12
DA:13,0
DA:14,0
DA:15,0
DA:20,0
DA:21,0
DA:24,12
DA:25,0
DA:26,0
DA:27,0
DA:30,12
DA:32,0
DA:85,0
LF:15
LH:5
BRDA:54,0,0,12
BRDA:54,0,1,12
BRDA:62,1,0,12
BRDA:62,1,1,12
BRDA:74,2,0,12
BRDA:74,2,1,12
BRF:6
BRH:6
end_of_record
TN:
SF:src/Components/QnA/Answer.jsx
FN:8,(anonymous_0)
FN:19,(anonymous_1)
FNF:2
FNH:0
FNDA:0,(anonymous_0)
FNDA:0,(anonymous_1)
DA:8,4
DA:11,0
DA:13,0
DA:19,0
LF:4
LH:1
BRDA:13,0,0,0
BRDA:13,0,1,0
BRDA:15,1,0,0
BRDA:15,1,1,0
BRDA:22,2,0,0
BRDA:22,2,1,0
BRF:6
BRH:0
end_of_record
TN:
SF:src/Components/QnA/AnswerList.jsx
FN:5,(anonymous_0)
FN:11,(anonymous_1)
FN:17,(anonymous_2)
FN:23,(anonymous_3)
FN:34,(anonymous_4)
FN:38,(anonymous_5)
FN:44,(anonymous_6)
FN:50,(anonymous_7)
FN:51,(anonymous_8)
FN:52,(anonymous_9)
FN:56,(anonymous_10)
FNF:11
FNH:0
FNDA:0,(anonymous_0)
FNDA:0,(anonymous_1)
FNDA:0,(anonymous_2)
FNDA:0,(anonymous_3)
FNDA:0,(anonymous_4)
FNDA:0,(anonymous_5)
FNDA:0,(anonymous_6)
FNDA:0,(anonymous_7)
FNDA:0,(anonymous_8)
FNDA:0,(anonymous_9)
FNDA:0,(anonymous_10)
DA:5,4
DA:7,0
DA:8,0
DA:9,0
DA:11,0
DA:12,0
DA:13,0
DA:14,0
DA:17,0
DA:18,0
DA:19,0
DA:20,0
DA:23,0
DA:24,0
DA:25,0
DA:26,0
DA:27,0
DA:28,0
DA:30,0
DA:33,0
DA:34,0
DA:35,0
DA:38,0
DA:39,0
DA:40,0
DA:41,0
DA:44,0
DA:45,0
DA:46,0
DA:47,0
DA:50,0
DA:51,0
DA:52,0
DA:55,0
DA:57,0
LF:35
LH:1
BRDA:26,0,0,0
BRDA:26,0,1,0
BRDA:51,1,0,0
BRDA:51,1,1,0
BRDA:59,2,0,0
BRDA:59,2,1,0
BRDA:59,3,0,0
BRDA:59,3,1,0
BRF:8
BRH:0
end_of_record
TN:
SF:src/Components/QnA/Photo.jsx
FN:4,(anonymous_0)
FN:14,(anonymous_1)
FN:24,(anonymous_2)
FNF:3
FNH:0
FNDA:0,(anonymous_0)
FNDA:0,(anonymous_1)
FNDA:0,(anonymous_2)
DA:4,4
DA:5,0
DA:7,0
DA:14,0
DA:24,0
LF:5
LH:1
BRF:0
BRH:0
end_of_record
TN:
SF:src/Components/QnA/QandA.jsx
FN:5,(anonymous_0)
FN:7,(anonymous_1)
FN:13,(anonymous_2)
FNF:3
FNH:2
FNDA:8,(anonymous_0)
FNDA:0,(anonymous_1)
FNDA:4,(anonymous_2)
DA:5,4
DA:7,8
DA:8,0
DA:11,8
DA:13,8
DA:14,4
DA:17,8
LF:7
LH:6
BRF:0
BRH:0
end_of_record
TN:
SF:src/Components/QnA/Question.jsx
FN:6,(anonymous_0)
FNF:1
FNH:0
FNDA:0,(anonymous_0)
DA:6,4
DA:8,0
LF:2
LH:1
BRDA:8,0,0,0
BRDA:8,0,1,0
BRF:2
BRH:0
end_of_record
TN:
SF:src/Components/QnA/QuestionList.jsx
FN:6,(anonymous_0)
FN:11,(anonymous_1)
FN:15,(anonymous_2)
FN:21,(anonymous_3)
FN:24,(anonymous_4)
FNF:5
FNH:2
FNDA:12,(anonymous_0)
FNDA:8,(anonymous_1)
FNDA:0,(anonymous_2)
FNDA:0,(anonymous_3)
FNDA:0,(anonymous_4)
DA:6,4
DA:8,12
DA:9,12
DA:11,12
DA:12,8
DA:15,12
DA:16,0
DA:19,12
DA:22,0
DA:24,0
LF:10
LH:7
BRDA:24,0,0,12
BRDA:24,0,1,0
BRF:2
BRH:1
end_of_record
TN:
SF:src/Components/QnA/Search.jsx
FN:3,(anonymous_0)
FN:12,(anonymous_1)
FN:19,(anonymous_2)
FN:23,(anonymous_3)
FNF:4
FNH:2
FNDA:8,(anonymous_0)
FNDA:0,(anonymous_1)
FNDA:0,(anonymous_2)
FNDA:4,(anonymous_3)
DA:3,4
DA:5,8
DA:12,8
DA:13,0
DA:14,0
DA:15,0
DA:16,0
DA:19,8
DA:20,0
DA:23,8
DA:24,4
DA:25,4
DA:26,0
DA:28,4
DA:31,8
LF:15
LH:9
BRDA:25,0,0,0
BRDA:25,0,1,4
BRF:2
BRH:1
end_of_record
TN:
SF:src/Components/RnR/AddImages.jsx
FN:7,(anonymous_0)
FN:25,(anonymous_1)
FN:35,(anonymous_2)
FN:43,(anonymous_3)
FN:51,(anonymous_4)
FN:59,(anonymous_5)
FN:67,(anonymous_6)
FNF:7
FNH:1
FNDA:4,(anonymous_0)
FNDA:0,(anonymous_1)
FNDA:0,(anonymous_2)
FNDA:0,(anonymous_3)
FNDA:0,(anonymous_4)
FNDA:0,(anonymous_5)
FNDA:0,(anonymous_6)
DA:7,4
DA:10,4
DA:26,0
DA:27,0
DA:36,0
DA:37,0
DA:44,0
DA:45,0
DA:52,0
DA:53,0
DA:60,0
DA:61,0
DA:67,0
LF:13
LH:2
BRF:0
BRH:0
end_of_record
TN:
SF:src/Components/RnR/AddReview.jsx
FN:20,(anonymous_0)
FN:50,(anonymous_1)
FN:94,(anonymous_2)
FN:111,(anonymous_3)
FN:122,(anonymous_4)
FN:125,(anonymous_5)
FN:129,(anonymous_6)
FN:132,(anonymous_7)
FN:138,(anonymous_8)
FN:143,(anonymous_9)
FN:146,(anonymous_10)
FN:186,(anonymous_11)
FN:209,(anonymous_12)
FN:225,(anonymous_13)
FN:225,(anonymous_14)
FN:274,(anonymous_15)
FN:277,(anonymous_16)
FN:312,(anonymous_17)
FNF:18
FNH:1
FNDA:4,(anonymous_0)
FNDA:0,(anonymous_1)
FNDA:0,(anonymous_2)
FNDA:0,(anonymous_3)
FNDA:0,(anonymous_4)
FNDA:0,(anonymous_5)
FNDA:0,(anonymous_6)
FNDA:0,(anonymous_7)
FNDA:0,(anonymous_8)
FNDA:0,(anonymous_9)
FNDA:0,(anonymous_10)
FNDA:0,(anonymous_11)
FNDA:0,(anonymous_12)
FNDA:0,(anonymous_13)
FNDA:0,(anonymous_14)
FNDA:0,(anonymous_15)
FNDA:0,(anonymous_16)
FNDA:0,(anonymous_17)
DA:10,4
DA:20,4
DA:22,4
DA:23,4
DA:26,4
DA:27,4
DA:28,4
DA:29,4
DA:30,4
DA:32,4
DA:38,4
DA:39,4
DA:40,4
DA:41,4
DA:42,4
DA:43,4
DA:44,4
DA:45,4
DA:46,4
DA:48,4
DA:50,4
DA:51,0
DA:52,0
DA:53,0
DA:54,0
DA:55,0
DA:56,0
DA:57,0
DA:59,0
DA:60,0
DA:61,0
DA:63,0
DA:64,0
DA:66,0
DA:67,0
DA:69,0
DA:70,0
DA:72,0
DA:73,0
DA:75,0
DA:77,0
DA:78,0
DA:79,0
DA:80,0
DA:81,0
DA:82,0
DA:86,0
DA:89,0
DA:94,4
DA:97,0
DA:98,0
DA:99,0
DA:100,0
DA:103,0
DA:106,0
DA:111,4
DA:112,0
DA:113,0
DA:114,0
DA:116,0
DA:117,0
DA:118,0
DA:119,0
DA:122,4
DA:123,0
DA:124,0
DA:125,0
DA:126,0
DA:129,4
DA:130,0
DA:131,0
DA:132,0
DA:133,0
DA:138,4
DA:140,0
DA:141,0
DA:142,0
DA:143,0
DA:146,4
DA:150,4
DA:158,4
DA:177,4
DA:183,4
DA:184,4
DA:186,0
DA:210,0
DA:211,0
DA:212,0
DA:213,0
DA:215,0
DA:225,0
DA:274,0
DA:277,0
DA:312,0
LF:94
LH:32
BRDA:60,0,0,0
BRDA:60,0,1,0
BRDA:63,1,0,0
BRDA:63,1,1,0
BRDA:66,2,0,0
BRDA:66,2,1,0
BRDA:69,3,0,0
BRDA:69,3,1,0
BRDA:72,4,0,0
BRDA:72,4,1,0
BRDA:78,5,0,0
BRDA:78,5,1,0
BRDA:82,6,0,0
BRDA:82,6,1,0
BRDA:82,7,0,0
BRDA:82,7,1,0
BRDA:82,7,2,0
BRDA:82,7,3,0
BRDA:82,7,4,0
BRDA:82,7,5,0
BRDA:82,7,6,0
BRDA:82,7,7,0
BRDA:82,7,8,0
BRDA:82,7,9,0
BRDA:82,7,10,0
BRDA:82,7,11,0
BRDA:82,7,12,0
BRDA:201,8,0,0
BRDA:201,8,1,4
BRDA:208,9,0,4
BRDA:208,9,1,4
BRDA:212,10,0,0
BRDA:212,10,1,0
BRDA:221,11,0,4
BRDA:221,11,1,0
BRDA:226,12,0,0
BRDA:226,12,1,4
BRDA:242,13,0,4
BRDA:242,13,1,4
BRDA:253,14,0,4
BRDA:253,14,1,4
BRDA:266,15,0,4
BRDA:266,15,1,4
BRDA:274,16,0,0
BRDA:274,16,1,4
BRDA:303,17,0,0
BRDA:303,17,1,4
BRDA:304,18,0,0
BRDA:304,18,1,4
BRDA:305,19,0,0
BRDA:305,19,1,4
BRDA:306,20,0,0
BRDA:306,20,1,4
BRDA:307,21,0,0
BRDA:307,21,1,4
BRDA:315,22,0,0
BRDA:315,22,1,4
BRDA:315,23,0,4
BRDA:315,23,1,0
BRF:59
BRH:19
end_of_record
TN:
SF:src/Components/RnR/AddReviewButtons.jsx
FN:11,(anonymous_0)
FN:35,(anonymous_1)
FN:45,(anonymous_2)
FN:78,(anonymous_3)
FN:92,(anonymous_4)
FN:98,(anonymous_5)
FN:101,(anonymous_6)
FN:104,(anonymous_7)
FNF:8
FNH:2
FNDA:4,(anonymous_0)
FNDA:4,(anonymous_1)
FNDA:0,(anonymous_2)
FNDA:0,(anonymous_3)
FNDA:0,(anonymous_4)
FNDA:0,(anonymous_5)
FNDA:0,(anonymous_6)
FNDA:0,(anonymous_7)
DA:6,4
DA:11,4
DA:13,4
DA:22,4
DA:25,4
DA:33,4
DA:35,4
DA:36,4
DA:37,0
DA:38,0
DA:39,0
DA:43,4
DA:45,4
DA:57,4
DA:58,0
DA:62,4
DA:74,4
DA:76,4
DA:78,4
DA:79,0
DA:80,0
DA:81,0
DA:82,0
DA:84,4
DA:86,4
DA:87,0
DA:88,0
DA:93,0
DA:99,0
DA:101,0
DA:106,0
DA:123,4
LF:32
LH:18
BRDA:36,0,0,0
BRDA:36,0,1,4
BRDA:57,1,0,0
BRDA:57,1,1,4
BRDA:86,2,0,0
BRDA:86,2,1,4
BRDA:86,3,0,4
BRDA:86,3,1,0
BRDA:103,4,0,0
BRDA:103,4,1,0
BRF:10
BRH:4
end_of_record
TN:
SF:src/Components/RnR/ImageHandler.jsx
FN:5,(anonymous_0)
FN:11,(anonymous_1)
FN:34,(anonymous_2)
FN:36,(anonymous_3)
FN:38,(anonymous_4)
FNF:5
FNH:0
FNDA:0,(anonymous_0)
FNDA:0,(anonymous_1)
FNDA:0,(anonymous_2)
FNDA:0,(anonymous_3)
FNDA:0,(anonymous_4)
DA:5,4
DA:7,0
DA:9,0
DA:11,0
DA:12,0
DA:15,0
DA:34,0
DA:35,0
DA:36,0
DA:38,0
DA:42,0
LF:11
LH:1
BRDA:35,0,0,0
BRDA:35,0,1,0
BRF:2
BRH:0
end_of_record
TN:
SF:src/Components/RnR/LoadedBars.jsx
FN:7,(anonymous_0)
FN:17,(anonymous_1)
FN:42,(anonymous_2)
FN:47,(anonymous_3)
FN:50,(anonymous_4)
FN:53,(anonymous_5)
FN:56,(anonymous_6)
FNF:7
FNH:1
FNDA:4,(anonymous_0)
FNDA:0,(anonymous_1)
FNDA:0,(anonymous_2)
FNDA:0,(anonymous_3)
FNDA:0,(anonymous_4)
FNDA:0,(anonymous_5)
FNDA:0,(anonymous_6)
DA:7,4
DA:8,4
DA:9,4
DA:10,4
DA:11,4
DA:12,4
DA:13,4
DA:14,4
DA:15,4
DA:17,4
DA:18,0
DA:19,0
DA:20,0
DA:21,0
DA:22,0
DA:24,0
DA:25,0
DA:26,0
DA:30,4
DA:39,4
DA:42,0
DA:47,0
DA:50,0
DA:53,0
DA:56,0
LF:25
LH:12
BRDA:10,0,0,4
BRDA:10,0,1,4
BRDA:11,1,0,4
BRDA:11,1,1,4
BRDA:12,2,0,4
BRDA:12,2,1,4
BRDA:13,3,0,4
BRDA:13,3,1,4
BRDA:14,4,0,4
BRDA:14,4,1,4
BRDA:15,5,0,4
BRDA:15,5,1,4
BRDA:18,6,0,0
BRDA:18,6,1,0
BRF:14
BRH:12
end_of_record
TN:
SF:src/Components/RnR/ReviewForm.jsx
FN:11,(anonymous_0)
FN:23,(anonymous_1)
FNF:2
FNH:0
FNDA:0,(anonymous_0)
FNDA:0,(anonymous_1)
DA:11,4
DA:12,0
DA:15,0
DA:23,0
LF:4
LH:1
BRF:0
BRH:0
end_of_record
TN:
SF:src/Components/RnR/ReviewTile.jsx
FN:12,(anonymous_0)
FN:66,(anonymous_1)
FN:71,(anonymous_2)
FN:78,(anonymous_3)
FN:93,(anonymous_4)
FNF:5
FNH:0
FNDA:0,(anonymous_0)
FNDA:0,(anonymous_1)
FNDA:0,(anonymous_2)
FNDA:0,(anonymous_3)
FNDA:0,(anonymous_4)
DA:12,4
DA:14,0
DA:16,0
DA:17,0
DA:20,0
DA:66,0
DA:67,0
DA:71,0
DA:73,0
DA:74,0
DA:75,0
DA:78,0
DA:82,0
DA:85,0
DA:86,0
DA:87,0
DA:88,0
DA:92,0
DA:93,0
DA:99,0
LF:20
LH:1
BRDA:73,0,0,0
BRDA:73,0,1,0
BRDA:86,1,0,0
BRDA:86,1,1,0
BRDA:111,2,0,0
BRDA:111,2,1,0
BRDA:115,3,0,0
BRDA:115,3,1,0
BRDA:117,4,0,0
BRDA:117,4,1,0
BRF:10
BRH:0
end_of_record
TN:
SF:src/Components/RnR/ReviewsView.jsx
FN:6,(anonymous_0)
FN:18,(anonymous_1)
FN:47,(anonymous_2)
FN:52,(anonymous_3)
FN:53,(anonymous_4)
FNF:5
FNH:1
FNDA:4,(anonymous_0)
FNDA:0,(anonymous_1)
FNDA:0,(anonymous_2)
FNDA:0,(anonymous_3)
FNDA:0,(anonymous_4)
DA:6,4
DA:7,4
DA:8,4
DA:9,4
DA:11,4
DA:12,4
DA:13,4
DA:15,4
DA:18,4
DA:19,0
DA:20,0
DA:21,0
DA:25,4
DA:41,4
DA:47,0
DA:52,0
DA:53,0
LF:17
LH:11
BRDA:53,0,0,0
BRDA:53,0,1,4
BRF:2
BRH:1
end_of_record
TN:
SF:src/Components/RnR/RnR.jsx
FN:11,(anonymous_0)
FNF:1
FNH:1
FNDA:4,(anonymous_0)
DA:6,4
DA:11,4
DA:12,4
DA:13,4
DA:14,4
DA:16,4
DA:17,4
DA:18,4
DA:19,4
DA:22,4
DA:69,4
LF:11
LH:11
BRF:0
BRH:0
end_of_record
TN:
SF:src/Components/RnR/Scales.jsx
FN:6,(anonymous_0)
FNF:1
FNH:1
FNDA:4,(anonymous_0)
DA:6,4
DA:7,4
DA:10,4
DA:11,4
DA:12,4
DA:13,4
DA:14,4
DA:15,4
DA:18,4
DA:19,0
DA:20,0
DA:22,0
DA:23,0
DA:24,0
DA:25,0
DA:26,0
DA:32,4
DA:164,4
DA:166,4
DA:169,4
LF:20
LH:13
BRDA:18,0,0,0
BRDA:18,0,1,4
BRDA:19,1,0,0
BRDA:19,1,1,0
BRDA:22,2,0,0
BRDA:22,2,1,0
BRDA:23,3,0,0
BRDA:23,3,1,0
BRDA:24,4,0,0
BRDA:24,4,1,0
BRDA:25,5,0,0
BRDA:25,5,1,0
BRDA:26,6,0,0
BRDA:26,6,1,0
BRDA:164,7,0,4
BRDA:164,7,1,0
BRDA:171,8,0,0
BRDA:171,8,1,4
BRDA:202,9,0,0
BRDA:202,9,1,4
BRDA:234,10,0,0
BRDA:234,10,1,4
BRDA:265,11,0,0
BRDA:265,11,1,4
BRDA:296,12,0,0
BRDA:296,12,1,4
BRDA:327,13,0,0
BRDA:327,13,1,4
BRF:28
BRH:8
end_of_record
TN:
SF:src/Components/RnR/SortedReviews.jsx
FN:10,(anonymous_0)
FN:53,(anonymous_1)
FN:70,(anonymous_2)
FNF:3
FNH:1
FNDA:4,(anonymous_0)
FNDA:0,(anonymous_1)
FNDA:0,(anonymous_2)
DA:10,4
DA:11,4
DA:12,4
DA:13,4
DA:14,4
DA:15,4
DA:19,4
DA:26,4
DA:28,4
DA:29,4
DA:30,4
DA:31,0
DA:32,0
DA:33,0
DA:37,4
DA:42,4
DA:43,4
DA:49,4
DA:50,0
DA:53,4
DA:54,0
DA:55,0
DA:58,4
DA:67,4
DA:71,0
LF:25
LH:18
BRDA:30,0,0,0
BRDA:30,0,1,4
BRDA:32,1,0,0
BRDA:32,1,1,0
BRDA:49,2,0,4
BRDA:49,2,1,4
BRDA:76,3,0,0
BRDA:76,3,1,4
BRF:8
BRH:4
end_of_record
TN:
SF:src/Components/RnR/Stars.jsx
FN:9,(anonymous_0)
FNF:1
FNH:1
FNDA:4,(anonymous_0)
DA:9,4
DA:10,4
DA:11,4
DA:12,4
DA:14,4
DA:17,4
DA:18,4
DA:19,4
DA:20,4
DA:21,4
DA:22,4
DA:23,4
DA:24,4
DA:27,4
DA:28,0
DA:29,0
DA:30,0
DA:31,0
DA:32,0
DA:33,0
DA:34,0
DA:38,4
DA:40,4
DA:44,4
DA:45,4
DA:50,4
DA:59,4
LF:27
LH:20
BRDA:27,0,0,0
BRDA:27,0,1,4
BRF:2
BRH:1
end_of_record
TN:
SF:src/Components/SharedComponents/Darkmode.jsx
FN:3,(anonymous_0)
FN:20,(anonymous_1)
FN:38,(anonymous_2)
FNF:3
FNH:1
FNDA:4,(anonymous_0)
FNDA:0,(anonymous_1)
FNDA:0,(anonymous_2)
DA:3,4
DA:4,4
DA:5,4
DA:6,4
DA:7,4
DA:10,4
DA:11,4
DA:14,4
DA:15,0
DA:17,4
DA:20,4
DA:21,0
DA:22,0
DA:23,0
DA:24,0
DA:25,0
DA:27,0
DA:28,0
DA:29,0
DA:30,0
DA:34,4
DA:38,0
LF:22
LH:11
BRDA:10,0,0,4
BRDA:10,0,1,0
BRDA:14,1,0,0
BRDA:14,1,1,4
BRDA:14,2,0,4
BRDA:14,2,1,4
BRDA:21,3,0,0
BRDA:21,3,1,0
BRDA:36,4,0,0
BRDA:36,4,1,4
BRF:10
BRH:5
end_of_record
TN:
SF:src/Components/SharedComponents/Helpful.jsx
FN:5,(anonymous_0)
FN:10,(anonymous_1)
FN:17,(anonymous_2)
FN:20,(anonymous_3)
FN:27,(anonymous_4)
FNF:5
FNH:0
FNDA:0,(anonymous_0)
FNDA:0,(anonymous_1)
FNDA:0,(anonymous_2)
FNDA:0,(anonymous_3)
FNDA:0,(anonymous_4)
DA:5,4
DA:7,0
DA:8,0
DA:10,0
DA:11,0
DA:12,0
DA:13,0
DA:14,0
DA:25,0
DA:27,0
LF:10
LH:1
BRDA:11,0,0,0
BRDA:11,0,1,0
BRDA:15,1,0,0
BRDA:15,1,1,0
BRDA:15,2,0,0
BRDA:15,2,1,0
BRF:6
BRH:0
end_of_record
TN:
SF:src/Components/SharedComponents/Modal.jsx
FN:4,(anonymous_0)
FN:7,(anonymous_1)
FN:8,(anonymous_2)
FN:14,(anonymous_3)
FN:22,(anonymous_4)
FN:33,(anonymous_5)
FN:39,(anonymous_6)
FN:45,(anonymous_7)
FNF:8
FNH:6
FNDA:20,(anonymous_0)
FNDA:20,(anonymous_1)
FNDA:0,(anonymous_2)
FNDA:20,(anonymous_3)
FNDA:0,(anonymous_4)
FNDA:20,(anonymous_5)
FNDA:20,(anonymous_6)
FNDA:16,(anonymous_7)
DA:4,4
DA:5,20
DA:7,20
DA:8,20
DA:9,0
DA:10,0
DA:13,20
DA:14,20
DA:15,20
DA:19,20
DA:22,0
DA:33,4
DA:34,20
DA:39,4
DA:40,20
DA:45,4
DA:46,16
LF:17
LH:14
BRDA:9,0,0,0
BRDA:9,0,1,0
BRDA:19,1,0,0
BRDA:19,1,1,20
BRDA:22,2,0,20
BRDA:22,2,1,20
BRF:6
BRH:3
end_of_record
TN:
SF:src/Components/SharedComponents/Modalpicture.jsx
FN:4,(anonymous_0)
FN:7,(anonymous_1)
FN:8,(anonymous_2)
FN:14,(anonymous_3)
FN:22,(anonymous_4)
FN:33,(anonymous_5)
FN:39,(anonymous_6)
FN:45,(anonymous_7)
FNF:8
FNH:0
FNDA:0,(anonymous_0)
FNDA:0,(anonymous_1)
FNDA:0,(anonymous_2)
FNDA:0,(anonymous_3)
FNDA:0,(anonymous_4)
FNDA:0,(anonymous_5)
FNDA:0,(anonymous_6)
FNDA:0,(anonymous_7)
DA:4,4
DA:5,0
DA:7,0
DA:8,0
DA:9,0
DA:10,0
DA:13,0
DA:14,0
DA:15,0
DA:19,0
DA:22,0
DA:33,4
DA:34,0
DA:39,4
DA:40,0
DA:45,4
DA:46,0
LF:17
LH:4
BRDA:9,0,0,0
BRDA:9,0,1,0
BRDA:19,1,0,0
BRDA:19,1,1,0
BRDA:22,2,0,0
BRDA:22,2,1,0
BRF:6
BRH:0
end_of_record
TN:
SF:src/Components/SharedComponents/Report.jsx
FN:5,(anonymous_0)
FN:10,(anonymous_1)
FNF:2
FNH:0
FNDA:0,(anonymous_0)
FNDA:0,(anonymous_1)
DA:5,4
DA:7,0
DA:8,0
DA:10,0
DA:12,0
DA:13,0
DA:14,0
DA:15,0
DA:21,0
LF:9
LH:1
BRDA:12,0,0,0
BRDA:12,0,1,0
BRDA:16,1,0,0
BRDA:16,1,1,0
BRF:4
BRH:0
end_of_record
