TN:
SF:config.js
FNF:0
FNH:0
DA:1,4
LF:1
LH:1
BRF:0
BRH:0
end_of_record
TN:
SF:styleMock.js
FNF:0
FNH:0
LF:0
LH:0
BRF:0
BRH:0
end_of_record
TN:
SF:src/App.jsx
FN:9,App
FN:22,(anonymous_1)
FN:26,(anonymous_2)
FN:34,(anonymous_3)
FN:46,(anonymous_4)
FN:54,(anonymous_5)
FN:61,(anonymous_6)
FN:65,(anonymous_7)
FN:72,(anonymous_8)
FN:76,(anonymous_9)
FN:84,(anonymous_10)
FN:90,(anonymous_11)
FN:91,(anonymous_12)
FNF:13
FNH:4
FNDA:3,App
FNDA:3,(anonymous_1)
FNDA:0,(anonymous_2)
FNDA:0,(anonymous_3)
FNDA:0,(anonymous_4)
FNDA:3,(anonymous_5)
FNDA:0,(anonymous_6)
FNDA:0,(anonymous_7)
FNDA:0,(anonymous_8)
FNDA:0,(anonymous_9)
FNDA:3,(anonymous_10)
FNDA:0,(anonymous_11)
FNDA:0,(anonymous_12)
DA:6,4
DA:11,3
DA:12,3
DA:13,3
DA:14,3
DA:15,3
DA:16,3
DA:17,3
DA:18,3
DA:19,3
DA:20,3
DA:22,3
DA:23,3
DA:27,0
DA:28,0
DA:31,0
DA:35,0
DA:36,0
DA:37,0
DA:44,0
DA:54,3
DA:55,3
DA:56,0
DA:62,0
DA:63,0
DA:66,0
DA:68,0
DA:73,0
DA:74,0
DA:77,0
DA:84,3
DA:85,3
DA:86,0
DA:90,0
DA:91,0
DA:95,3
LF:36
LH:18
BRDA:55,0,0,0
BRDA:55,0,1,3
BRDA:85,1,0,0
BRDA:85,1,1,3
BRF:4
BRH:2
end_of_record
TN:
SF:src/Components/OVCarouselImage.jsx
FN:3,OVCarouselImage
FN:14,(anonymous_1)
FNF:2
FNH:1
FNDA:18,OVCarouselImage
FNDA:0,(anonymous_1)
DA:4,18
DA:5,18
DA:6,18
DA:7,18
DA:8,18
DA:9,18
DA:10,18
DA:14,18
DA:15,0
DA:16,0
DA:18,18
LF:11
LH:9
BRDA:7,0,0,18
BRDA:7,0,1,0
BRDA:20,1,0,18
BRDA:20,1,1,0
BRF:4
BRH:2
end_of_record
TN:
SF:src/Components/OVImages.jsx
FN:5,OVImages
FN:19,(anonymous_1)
FN:24,(anonymous_2)
FN:29,(anonymous_3)
FN:39,(anonymous_4)
FN:76,(anonymous_5)
FN:83,(anonymous_6)
FN:104,(anonymous_7)
FN:107,(anonymous_8)
FN:122,(anonymous_9)
FNF:10
FNH:4
FNDA:3,OVImages
FNDA:3,(anonymous_1)
FNDA:0,(anonymous_2)
FNDA:0,(anonymous_3)
FNDA:0,(anonymous_4)
FNDA:0,(anonymous_5)
FNDA:0,(anonymous_6)
FNDA:3,(anonymous_7)
FNDA:0,(anonymous_8)
FNDA:18,(anonymous_9)
DA:7,3
DA:8,3
DA:9,3
DA:10,3
DA:11,3
DA:12,3
DA:14,3
DA:15,3
DA:19,3
DA:20,3
DA:24,3
DA:25,0
DA:29,3
DA:30,0
DA:31,0
DA:32,0
DA:33,0
DA:34,0
DA:39,3
DA:40,0
DA:41,0
DA:42,0
DA:43,0
DA:44,0
DA:45,0
DA:46,0
DA:47,0
DA:48,0
DA:49,0
DA:52,0
DA:53,0
DA:54,0
DA:55,0
DA:60,3
DA:61,3
DA:63,0
DA:66,3
DA:67,3
DA:68,3
DA:71,0
DA:74,3
DA:76,3
DA:77,0
DA:78,0
DA:79,0
DA:80,0
DA:83,3
DA:84,0
DA:85,0
DA:86,0
DA:87,0
DA:104,3
DA:105,3
DA:106,3
DA:107,0
DA:109,0
DA:110,0
DA:111,0
DA:117,3
DA:123,18
LF:60
LH:26
BRDA:30,0,0,0
BRDA:30,0,1,0
BRDA:40,1,0,0
BRDA:40,1,1,0
BRDA:45,2,0,0
BRDA:45,2,1,0
BRDA:60,3,0,3
BRDA:60,3,1,0
BRDA:66,4,0,3
BRDA:66,4,1,0
BRDA:67,5,0,3
BRDA:67,5,1,0
BRDA:74,6,0,3
BRDA:74,6,1,3
BRDA:106,7,0,0
BRDA:106,7,1,3
BRF:16
BRH:6
end_of_record
TN:
SF:src/Components/OVProd.jsx
FN:9,OVProd
FN:13,handleClick
FN:17,(anonymous_2)
FN:20,(anonymous_3)
FNF:4
FNH:1
FNDA:3,OVProd
FNDA:0,handleClick
FNDA:0,(anonymous_2)
FNDA:0,(anonymous_3)
DA:7,4
DA:14,0
DA:18,0
DA:21,0
DA:26,3
LF:5
LH:2
BRF:0
BRH:0
end_of_record
TN:
SF:src/Components/OVProdInfo.jsx
FN:9,OVProdInfo
FN:29,(anonymous_1)
FN:50,(anonymous_2)
FN:56,(anonymous_3)
FN:114,(anonymous_4)
FN:189,(anonymous_5)
FN:200,(anonymous_6)
FN:207,(anonymous_7)
FNF:8
FNH:2
FNDA:3,OVProdInfo
FNDA:0,(anonymous_1)
FNDA:0,(anonymous_2)
FNDA:0,(anonymous_3)
FNDA:0,(anonymous_4)
FNDA:0,(anonymous_5)
FNDA:3,(anonymous_6)
FNDA:0,(anonymous_7)
DA:10,3
DA:11,3
DA:12,3
DA:14,3
DA:15,3
DA:16,3
DA:17,3
DA:18,3
DA:19,3
DA:22,3
DA:23,3
DA:24,3
DA:29,3
DA:30,0
DA:39,0
DA:40,0
DA:41,0
DA:44,0
DA:45,0
DA:50,3
DA:51,0
DA:52,0
DA:56,3
DA:57,0
DA:58,0
DA:60,0
DA:61,0
DA:62,0
DA:63,0
DA:67,0
DA:68,0
DA:69,0
DA:70,0
DA:79,3
DA:84,3
DA:85,0
DA:86,0
DA:87,0
DA:90,3
DA:92,3
DA:95,3
DA:99,3
DA:100,0
DA:101,0
DA:102,0
DA:103,0
DA:107,0
DA:108,0
DA:109,0
DA:111,0
DA:114,3
DA:120,0
DA:123,3
DA:124,3
DA:125,3
DA:126,3
DA:127,3
DA:128,3
DA:129,3
DA:130,3
DA:131,3
DA:134,3
DA:135,0
DA:136,0
DA:137,0
DA:138,0
DA:139,0
DA:140,0
DA:141,0
DA:145,3
DA:147,3
DA:151,3
DA:152,3
DA:155,3
DA:190,0
DA:201,3
DA:208,0
LF:77
LH:38
BRDA:40,0,0,0
BRDA:40,0,1,0
BRDA:60,1,0,0
BRDA:60,1,1,0
BRDA:61,2,0,0
BRDA:61,2,1,0
BRDA:79,3,0,3
BRDA:79,3,1,0
BRDA:84,4,0,0
BRDA:84,4,1,3
BRDA:95,5,0,3
BRDA:95,5,1,3
BRDA:99,6,0,0
BRDA:99,6,1,3
BRDA:103,7,0,0
BRDA:103,7,1,0
BRDA:107,8,0,0
BRDA:107,8,1,0
BRDA:107,9,0,0
BRDA:107,9,1,0
BRDA:134,10,0,0
BRDA:134,10,1,3
BRF:22
BRH:6
end_of_record
TN:
SF:src/Components/OVStyle.jsx
FN:3,OVStyle
FN:7,handleClick
FNF:2
FNH:0
FNDA:0,OVStyle
FNDA:0,handleClick
DA:5,0
DA:8,0
DA:9,0
DA:10,0
DA:11,0
DA:14,0
DA:15,0
DA:18,0
LF:8
LH:0
BRDA:5,0,0,0
BRDA:5,0,1,0
BRDA:14,1,0,0
BRDA:14,1,1,0
BRDA:20,2,0,0
BRDA:20,2,1,0
BRF:6
BRH:0
end_of_record
TN:
SF:src/Components/Overview.jsx
FN:9,Overview
FNF:1
FNH:1
FNDA:3,Overview
DA:7,4
DA:16,3
LF:2
LH:2
BRF:0
BRH:0
end_of_record
TN:
SF:src/Components/QnA/AddAnswer.jsx
FN:6,AddAnswer
FN:11,(anonymous_1)
FN:19,(anonymous_2)
FN:26,(anonymous_3)
FN:29,(anonymous_4)
FN:34,(anonymous_5)
FN:86,(anonymous_6)
FN:89,(anonymous_7)
FN:89,(anonymous_8)
FN:97,(anonymous_9)
FNF:10
FNH:0
FNDA:0,AddAnswer
FNDA:0,(anonymous_1)
FNDA:0,(anonymous_2)
FNDA:0,(anonymous_3)
FNDA:0,(anonymous_4)
FNDA:0,(anonymous_5)
FNDA:0,(anonymous_6)
FNDA:0,(anonymous_7)
FNDA:0,(anonymous_8)
FNDA:0,(anonymous_9)
DA:7,0
DA:8,0
DA:9,0
DA:11,0
DA:12,0
DA:13,0
DA:15,0
DA:20,0
DA:21,0
DA:22,0
DA:26,0
DA:27,0
DA:28,0
DA:29,0
DA:32,0
DA:34,0
DA:87,0
DA:89,0
DA:97,0
LF:19
LH:0
BRDA:56,0,0,0
BRDA:56,0,1,0
BRDA:64,1,0,0
BRDA:64,1,1,0
BRDA:76,2,0,0
BRDA:76,2,1,0
BRDA:84,3,0,0
BRDA:84,3,1,0
BRF:8
BRH:0
end_of_record
TN:
SF:src/Components/QnA/AddPhotos.jsx
FN:4,(anonymous_0)
FN:8,(anonymous_1)
FN:11,(anonymous_2)
FN:13,(anonymous_3)
FN:20,(anonymous_4)
FNF:5
FNH:0
FNDA:0,(anonymous_0)
FNDA:0,(anonymous_1)
FNDA:0,(anonymous_2)
FNDA:0,(anonymous_3)
FNDA:0,(anonymous_4)
DA:4,4
DA:5,0
DA:6,0
DA:8,0
DA:9,0
DA:11,0
DA:12,0
DA:13,0
DA:14,0
DA:15,0
DA:18,0
DA:20,0
LF:12
LH:1
BRF:0
BRH:0
end_of_record
TN:
SF:src/Components/QnA/AddQuestion.jsx
FN:6,AddQuestion
FN:10,(anonymous_1)
FN:21,(anonymous_2)
FN:24,(anonymous_3)
FN:27,(anonymous_4)
FN:32,(anonymous_5)
FN:85,(anonymous_6)
FNF:7
FNH:1
FNDA:9,AddQuestion
FNDA:0,(anonymous_1)
FNDA:0,(anonymous_2)
FNDA:0,(anonymous_3)
FNDA:0,(anonymous_4)
FNDA:0,(anonymous_5)
FNDA:0,(anonymous_6)
DA:7,9
DA:8,9
DA:10,9
DA:13,0
DA:14,0
DA:15,0
DA:20,0
DA:21,0
DA:24,9
DA:25,0
DA:26,0
DA:27,0
DA:30,9
DA:32,0
DA:85,0
LF:15
LH:5
BRDA:54,0,0,9
BRDA:54,0,1,9
BRDA:62,1,0,9
BRDA:62,1,1,9
BRDA:74,2,0,9
BRDA:74,2,1,9
BRF:6
BRH:6
end_of_record
TN:
SF:src/Components/QnA/Answer.jsx
FN:8,(anonymous_0)
FN:19,(anonymous_1)
FNF:2
FNH:0
FNDA:0,(anonymous_0)
FNDA:0,(anonymous_1)
DA:8,4
DA:11,0
DA:13,0
DA:19,0
LF:4
LH:1
BRDA:13,0,0,0
BRDA:13,0,1,0
BRDA:15,1,0,0
BRDA:15,1,1,0
BRDA:22,2,0,0
BRDA:22,2,1,0
BRF:6
BRH:0
end_of_record
TN:
SF:src/Components/QnA/AnswerList.jsx
FN:5,(anonymous_0)
FN:11,(anonymous_1)
FN:17,(anonymous_2)
FN:23,(anonymous_3)
FN:34,(anonymous_4)
FN:38,(anonymous_5)
FN:44,(anonymous_6)
FN:50,(anonymous_7)
FN:51,(anonymous_8)
FN:52,(anonymous_9)
FN:56,(anonymous_10)
FNF:11
FNH:0
FNDA:0,(anonymous_0)
FNDA:0,(anonymous_1)
FNDA:0,(anonymous_2)
FNDA:0,(anonymous_3)
FNDA:0,(anonymous_4)
FNDA:0,(anonymous_5)
FNDA:0,(anonymous_6)
FNDA:0,(anonymous_7)
FNDA:0,(anonymous_8)
FNDA:0,(anonymous_9)
FNDA:0,(anonymous_10)
DA:5,4
DA:7,0
DA:8,0
DA:9,0
DA:11,0
DA:12,0
DA:13,0
DA:14,0
DA:17,0
DA:18,0
DA:19,0
DA:20,0
DA:23,0
DA:24,0
DA:25,0
DA:26,0
DA:27,0
DA:28,0
DA:30,0
DA:33,0
DA:34,0
DA:35,0
DA:38,0
DA:39,0
DA:40,0
DA:41,0
DA:44,0
DA:45,0
DA:46,0
DA:47,0
DA:50,0
DA:51,0
DA:52,0
DA:55,0
DA:57,0
LF:35
LH:1
BRDA:26,0,0,0
BRDA:26,0,1,0
BRDA:51,1,0,0
BRDA:51,1,1,0
BRDA:59,2,0,0
BRDA:59,2,1,0
BRDA:59,3,0,0
BRDA:59,3,1,0
BRF:8
BRH:0
end_of_record
TN:
SF:src/Components/QnA/Photo.jsx
FN:4,(anonymous_0)
FN:14,(anonymous_1)
FN:24,(anonymous_2)
FNF:3
FNH:0
FNDA:0,(anonymous_0)
FNDA:0,(anonymous_1)
FNDA:0,(anonymous_2)
DA:4,4
DA:5,0
DA:7,0
DA:14,0
DA:24,0
LF:5
LH:1
BRF:0
BRH:0
end_of_record
TN:
SF:src/Components/QnA/QandA.jsx
FN:5,(anonymous_0)
FN:7,(anonymous_1)
FN:13,(anonymous_2)
FNF:3
FNH:2
FNDA:6,(anonymous_0)
FNDA:0,(anonymous_1)
FNDA:3,(anonymous_2)
DA:5,4
DA:7,6
DA:8,0
DA:11,6
DA:13,6
DA:14,3
DA:17,6
LF:7
LH:6
BRF:0
BRH:0
end_of_record
TN:
SF:src/Components/QnA/Question.jsx
FN:6,(anonymous_0)
FNF:1
FNH:0
FNDA:0,(anonymous_0)
DA:6,4
DA:8,0
LF:2
LH:1
BRDA:8,0,0,0
BRDA:8,0,1,0
BRF:2
BRH:0
end_of_record
TN:
SF:src/Components/QnA/QuestionList.jsx
FN:6,(anonymous_0)
FN:11,(anonymous_1)
FN:15,(anonymous_2)
FN:21,(anonymous_3)
FN:24,(anonymous_4)
FNF:5
FNH:2
FNDA:9,(anonymous_0)
FNDA:6,(anonymous_1)
FNDA:0,(anonymous_2)
FNDA:0,(anonymous_3)
FNDA:0,(anonymous_4)
DA:6,4
DA:8,9
DA:9,9
DA:11,9
DA:12,6
DA:15,9
DA:16,0
DA:19,9
DA:22,0
DA:24,0
LF:10
LH:7
BRDA:24,0,0,9
BRDA:24,0,1,0
BRF:2
BRH:1
end_of_record
TN:
SF:src/Components/QnA/Search.jsx
FN:3,(anonymous_0)
FN:12,(anonymous_1)
FN:19,(anonymous_2)
FN:23,(anonymous_3)
FNF:4
FNH:2
FNDA:6,(anonymous_0)
FNDA:0,(anonymous_1)
FNDA:0,(anonymous_2)
FNDA:3,(anonymous_3)
DA:3,4
DA:5,6
DA:12,6
DA:13,0
DA:14,0
DA:15,0
DA:16,0
DA:19,6
DA:20,0
DA:23,6
DA:24,3
DA:25,3
DA:26,0
DA:28,3
DA:31,6
LF:15
LH:9
BRDA:25,0,0,0
BRDA:25,0,1,3
BRF:2
BRH:1
end_of_record
TN:
SF:src/Components/RnR/AddImages.jsx
FN:7,(anonymous_0)
FN:26,(anonymous_1)
FN:44,(anonymous_2)
FN:52,(anonymous_3)
FN:60,(anonymous_4)
FN:68,(anonymous_5)
FN:76,(anonymous_6)
FNF:7
FNH:6
FNDA:13,(anonymous_0)
FNDA:1,(anonymous_1)
FNDA:1,(anonymous_2)
FNDA:1,(anonymous_3)
FNDA:1,(anonymous_4)
FNDA:1,(anonymous_5)
FNDA:0,(anonymous_6)
DA:7,4
DA:10,13
DA:27,1
DA:28,1
DA:45,1
DA:46,1
DA:53,1
DA:54,1
DA:61,1
DA:62,1
DA:69,1
DA:70,1
DA:76,0
LF:13
LH:12
BRF:0
BRH:0
end_of_record
TN:
SF:src/Components/RnR/AddReview.jsx
FN:20,(anonymous_0)
FN:50,(anonymous_1)
FN:94,(anonymous_2)
FN:111,(anonymous_3)
FN:122,(anonymous_4)
FN:125,(anonymous_5)
FN:129,(anonymous_6)
FN:132,(anonymous_7)
FN:138,(anonymous_8)
FN:143,(anonymous_9)
FN:146,(anonymous_10)
FN:186,(anonymous_11)
FN:210,(anonymous_12)
FN:226,(anonymous_13)
FN:226,(anonymous_14)
FN:275,(anonymous_15)
FN:278,(anonymous_16)
FN:313,(anonymous_17)
FNF:18
FNH:5
FNDA:13,(anonymous_0)
FNDA:0,(anonymous_1)
FNDA:0,(anonymous_2)
FNDA:0,(anonymous_3)
FNDA:5,(anonymous_4)
FNDA:5,(anonymous_5)
FNDA:0,(anonymous_6)
FNDA:0,(anonymous_7)
FNDA:0,(anonymous_8)
FNDA:0,(anonymous_9)
FNDA:0,(anonymous_10)
FNDA:1,(anonymous_11)
FNDA:0,(anonymous_12)
FNDA:0,(anonymous_13)
FNDA:0,(anonymous_14)
FNDA:0,(anonymous_15)
FNDA:1,(anonymous_16)
FNDA:0,(anonymous_17)
DA:10,4
DA:20,4
DA:22,13
DA:23,13
DA:26,13
DA:27,13
DA:28,13
DA:29,13
DA:30,13
DA:32,13
DA:38,13
DA:39,13
DA:40,13
DA:41,13
DA:42,13
DA:43,13
DA:44,13
DA:45,13
DA:46,13
DA:48,13
DA:50,13
DA:51,0
DA:52,0
DA:53,0
DA:54,0
DA:55,0
DA:56,0
DA:57,0
DA:59,0
DA:60,0
DA:61,0
DA:63,0
DA:64,0
DA:66,0
DA:67,0
DA:69,0
DA:70,0
DA:72,0
DA:73,0
DA:75,0
DA:77,0
DA:78,0
DA:79,0
DA:80,0
DA:81,0
DA:82,0
DA:86,0
DA:89,0
DA:94,13
DA:97,0
DA:98,0
DA:99,0
DA:100,0
DA:103,0
DA:106,0
DA:111,13
DA:112,0
DA:113,0
DA:114,0
DA:116,0
DA:117,0
DA:118,0
DA:119,0
DA:122,13
DA:123,5
DA:124,5
DA:125,5
DA:126,5
DA:129,13
DA:130,0
DA:131,0
DA:132,0
DA:133,0
DA:138,13
DA:140,0
DA:141,0
DA:142,0
DA:143,0
DA:146,13
DA:150,13
DA:158,13
DA:177,13
DA:183,13
DA:184,13
DA:186,1
DA:211,0
DA:212,0
DA:213,0
DA:214,0
DA:216,0
DA:226,0
DA:275,0
DA:278,1
DA:313,0
LF:94
LH:38
BRDA:60,0,0,0
BRDA:60,0,1,0
BRDA:63,1,0,0
BRDA:63,1,1,0
BRDA:66,2,0,0
BRDA:66,2,1,0
BRDA:69,3,0,0
BRDA:69,3,1,0
BRDA:72,4,0,0
BRDA:72,4,1,0
BRDA:78,5,0,0
BRDA:78,5,1,0
BRDA:82,6,0,0
BRDA:82,6,1,0
BRDA:82,7,0,0
BRDA:82,7,1,0
BRDA:82,7,2,0
BRDA:82,7,3,0
BRDA:82,7,4,0
BRDA:82,7,5,0
BRDA:82,7,6,0
BRDA:82,7,7,0
BRDA:82,7,8,0
BRDA:82,7,9,0
BRDA:82,7,10,0
BRDA:82,7,11,0
BRDA:82,7,12,0
BRDA:201,8,0,0
BRDA:201,8,1,13
BRDA:209,9,0,13
BRDA:209,9,1,13
BRDA:213,10,0,0
BRDA:213,10,1,0
BRDA:222,11,0,13
BRDA:222,11,1,0
BRDA:227,12,0,0
BRDA:227,12,1,13
BRDA:243,13,0,13
BRDA:243,13,1,13
BRDA:254,14,0,13
BRDA:254,14,1,13
BRDA:267,15,0,13
BRDA:267,15,1,13
BRDA:275,16,0,0
BRDA:275,16,1,13
BRDA:304,17,0,5
BRDA:304,17,1,8
BRDA:305,18,0,4
BRDA:305,18,1,9
BRDA:306,19,0,3
BRDA:306,19,1,10
BRDA:307,20,0,2
BRDA:307,20,1,11
BRDA:308,21,0,1
BRDA:308,21,1,12
BRDA:316,22,0,0
BRDA:316,22,1,13
BRDA:316,23,0,13
BRDA:316,23,1,0
BRF:59
BRH:24
end_of_record
TN:
SF:src/Components/RnR/AddReviewButtons.jsx
FN:11,(anonymous_0)
FN:35,(anonymous_1)
FN:45,(anonymous_2)
FN:78,(anonymous_3)
FN:92,(anonymous_4)
FN:98,(anonymous_5)
FN:101,(anonymous_6)
FN:104,(anonymous_7)
FNF:8
FNH:4
FNDA:13,(anonymous_0)
FNDA:13,(anonymous_1)
FNDA:0,(anonymous_2)
FNDA:0,(anonymous_3)
FNDA:0,(anonymous_4)
FNDA:40,(anonymous_5)
FNDA:0,(anonymous_6)
FNDA:200,(anonymous_7)
DA:6,4
DA:11,4
DA:13,13
DA:22,13
DA:25,13
DA:33,13
DA:35,13
DA:36,13
DA:37,10
DA:38,10
DA:39,40
DA:43,13
DA:45,13
DA:57,13
DA:58,10
DA:62,13
DA:74,13
DA:76,13
DA:78,13
DA:79,0
DA:80,0
DA:81,0
DA:82,0
DA:84,13
DA:86,13
DA:87,10
DA:88,10
DA:93,0
DA:99,40
DA:101,0
DA:106,200
DA:123,3
LF:32
LH:26
BRDA:36,0,0,10
BRDA:36,0,1,3
BRDA:57,1,0,10
BRDA:57,1,1,3
BRDA:86,2,0,10
BRDA:86,2,1,3
BRDA:86,3,0,13
BRDA:86,3,1,10
BRDA:103,4,0,40
BRDA:103,4,1,0
BRF:10
BRH:9
end_of_record
TN:
SF:src/Components/RnR/ImageHandler.jsx
FN:5,(anonymous_0)
FN:11,(anonymous_1)
FN:34,(anonymous_2)
FN:36,(anonymous_3)
FN:38,(anonymous_4)
FNF:5
FNH:0
FNDA:0,(anonymous_0)
FNDA:0,(anonymous_1)
FNDA:0,(anonymous_2)
FNDA:0,(anonymous_3)
FNDA:0,(anonymous_4)
DA:5,4
DA:7,0
DA:9,0
DA:11,0
DA:12,0
DA:15,0
DA:34,0
DA:35,0
DA:36,0
DA:38,0
DA:42,0
LF:11
LH:1
BRDA:35,0,0,0
BRDA:35,0,1,0
BRF:2
BRH:0
end_of_record
TN:
SF:src/Components/RnR/LoadedBars.jsx
FN:7,(anonymous_0)
FN:17,(anonymous_1)
FN:42,(anonymous_2)
FN:47,(anonymous_3)
FN:50,(anonymous_4)
FN:53,(anonymous_5)
FN:56,(anonymous_6)
FNF:7
FNH:1
FNDA:6,(anonymous_0)
FNDA:0,(anonymous_1)
FNDA:0,(anonymous_2)
FNDA:0,(anonymous_3)
FNDA:0,(anonymous_4)
FNDA:0,(anonymous_5)
FNDA:0,(anonymous_6)
DA:7,4
DA:8,6
DA:9,6
DA:10,6
DA:11,6
DA:12,6
DA:13,6
DA:14,6
DA:15,6
DA:17,6
DA:18,0
DA:19,0
DA:20,0
DA:21,0
DA:22,0
DA:24,0
DA:25,0
DA:26,0
DA:30,6
DA:39,6
DA:42,0
DA:47,0
DA:50,0
DA:53,0
DA:56,0
LF:25
LH:12
BRDA:10,0,0,6
BRDA:10,0,1,3
BRDA:11,1,0,6
BRDA:11,1,1,3
BRDA:12,2,0,6
BRDA:12,2,1,3
BRDA:13,3,0,6
BRDA:13,3,1,3
BRDA:14,4,0,6
BRDA:14,4,1,3
BRDA:15,5,0,6
BRDA:15,5,1,3
BRDA:18,6,0,0
BRDA:18,6,1,0
BRF:14
BRH:12
end_of_record
TN:
SF:src/Components/RnR/ReviewForm.jsx
FN:11,(anonymous_0)
FN:23,(anonymous_1)
FNF:2
FNH:0
FNDA:0,(anonymous_0)
FNDA:0,(anonymous_1)
DA:11,4
DA:12,0
DA:15,0
DA:23,0
LF:4
LH:1
BRF:0
BRH:0
end_of_record
TN:
SF:src/Components/RnR/ReviewTile.jsx
FN:12,(anonymous_0)
FN:66,(anonymous_1)
FN:71,(anonymous_2)
FN:78,(anonymous_3)
FN:93,(anonymous_4)
FNF:5
FNH:0
FNDA:0,(anonymous_0)
FNDA:0,(anonymous_1)
FNDA:0,(anonymous_2)
FNDA:0,(anonymous_3)
FNDA:0,(anonymous_4)
DA:12,4
DA:14,0
DA:16,0
DA:17,0
DA:20,0
DA:66,0
DA:67,0
DA:71,0
DA:73,0
DA:74,0
DA:75,0
DA:78,0
DA:82,0
DA:85,0
DA:86,0
DA:87,0
DA:88,0
DA:92,0
DA:93,0
DA:99,0
LF:20
LH:1
BRDA:73,0,0,0
BRDA:73,0,1,0
BRDA:86,1,0,0
BRDA:86,1,1,0
BRDA:111,2,0,0
BRDA:111,2,1,0
BRDA:115,3,0,0
BRDA:115,3,1,0
BRDA:117,4,0,0
BRDA:117,4,1,0
BRF:10
BRH:0
end_of_record
TN:
SF:src/Components/RnR/ReviewsView.jsx
FN:6,(anonymous_0)
FN:18,(anonymous_1)
FN:47,(anonymous_2)
FN:52,(anonymous_3)
FN:53,(anonymous_4)
FNF:5
FNH:1
FNDA:6,(anonymous_0)
FNDA:0,(anonymous_1)
FNDA:0,(anonymous_2)
FNDA:0,(anonymous_3)
FNDA:0,(anonymous_4)
DA:6,4
DA:7,6
DA:8,6
DA:9,6
DA:11,6
DA:12,6
DA:13,6
DA:15,6
DA:18,6
DA:19,0
DA:20,0
DA:21,0
DA:25,6
DA:41,6
DA:47,0
DA:52,0
DA:53,0
LF:17
LH:11
BRDA:53,0,0,0
BRDA:53,0,1,6
BRF:2
BRH:1
end_of_record
TN:
SF:src/Components/RnR/RnR.jsx
FN:11,(anonymous_0)
FNF:1
FNH:1
FNDA:6,(anonymous_0)
DA:6,4
DA:11,4
DA:12,6
DA:13,6
DA:14,6
DA:16,6
DA:17,6
DA:18,6
DA:19,6
DA:22,6
DA:69,6
LF:11
LH:11
BRF:0
BRH:0
end_of_record
TN:
SF:src/Components/RnR/Scales.jsx
FN:6,(anonymous_0)
FNF:1
FNH:1
FNDA:6,(anonymous_0)
DA:6,4
DA:7,6
DA:10,6
DA:11,6
DA:12,6
DA:13,6
DA:14,6
DA:15,6
DA:18,6
DA:19,3
DA:20,3
DA:22,3
DA:23,3
DA:24,3
DA:25,3
DA:26,3
DA:32,6
DA:164,6
DA:166,3
DA:169,6
LF:20
LH:20
BRDA:18,0,0,3
BRDA:18,0,1,3
BRDA:19,1,0,3
BRDA:19,1,1,0
BRDA:22,2,0,3
BRDA:22,2,1,0
BRDA:23,3,0,3
BRDA:23,3,1,0
BRDA:24,4,0,3
BRDA:24,4,1,0
BRDA:25,5,0,0
BRDA:25,5,1,3
BRDA:26,6,0,0
BRDA:26,6,1,3
BRDA:164,7,0,3
BRDA:164,7,1,3
BRDA:172,8,0,3
BRDA:172,8,1,3
BRDA:203,9,0,3
BRDA:203,9,1,3
BRDA:235,10,0,3
BRDA:235,10,1,3
BRDA:266,11,0,3
BRDA:266,11,1,3
BRDA:297,12,0,0
BRDA:297,12,1,6
BRDA:328,13,0,0
BRDA:328,13,1,6
BRF:28
BRH:20
end_of_record
TN:
SF:src/Components/RnR/SortedReviews.jsx
FN:10,(anonymous_0)
FN:53,(anonymous_1)
FN:70,(anonymous_2)
FNF:3
FNH:1
FNDA:6,(anonymous_0)
FNDA:0,(anonymous_1)
FNDA:0,(anonymous_2)
DA:10,4
DA:11,6
DA:12,6
DA:13,6
DA:14,6
DA:15,6
DA:19,6
DA:26,6
DA:28,6
DA:29,6
DA:30,6
DA:31,0
DA:32,0
DA:33,0
DA:37,6
DA:42,6
DA:43,6
DA:49,6
DA:50,0
DA:53,6
DA:54,0
DA:55,0
DA:58,6
DA:67,6
DA:71,0
LF:25
LH:18
BRDA:30,0,0,0
BRDA:30,0,1,6
BRDA:32,1,0,0
BRDA:32,1,1,0
BRDA:49,2,0,6
BRDA:49,2,1,6
BRDA:76,3,0,0
BRDA:76,3,1,6
BRF:8
BRH:4
end_of_record
TN:
SF:src/Components/RnR/Stars.jsx
FN:9,(anonymous_0)
FNF:1
FNH:1
FNDA:6,(anonymous_0)
DA:9,4
DA:10,6
DA:11,6
DA:12,6
DA:14,6
DA:17,6
DA:18,6
DA:19,6
DA:20,6
DA:21,6
DA:22,6
DA:23,6
DA:24,6
DA:27,6
DA:28,3
DA:29,3
DA:30,3
DA:31,3
DA:32,3
DA:33,3
DA:34,3
DA:38,6
DA:40,6
DA:44,6
DA:45,6
DA:50,6
DA:59,6
LF:27
LH:27
BRDA:27,0,0,3
BRDA:27,0,1,3
BRF:2
BRH:2
end_of_record
TN:
SF:src/Components/SharedComponents/Darkmode.jsx
FN:3,(anonymous_0)
FN:20,(anonymous_1)
FN:38,(anonymous_2)
FNF:3
FNH:1
FNDA:3,(anonymous_0)
FNDA:0,(anonymous_1)
FNDA:0,(anonymous_2)
DA:3,4
DA:4,3
DA:5,3
DA:6,3
DA:7,3
DA:10,3
DA:11,3
DA:14,3
DA:15,0
DA:17,3
DA:20,3
DA:21,0
DA:22,0
DA:23,0
DA:24,0
DA:25,0
DA:27,0
DA:28,0
DA:29,0
DA:30,0
DA:34,3
DA:38,0
LF:22
LH:11
BRDA:10,0,0,3
BRDA:10,0,1,0
BRDA:14,1,0,0
BRDA:14,1,1,3
BRDA:14,2,0,3
BRDA:14,2,1,3
BRDA:21,3,0,0
BRDA:21,3,1,0
BRDA:36,4,0,0
BRDA:36,4,1,3
BRF:10
BRH:5
end_of_record
TN:
SF:src/Components/SharedComponents/Helpful.jsx
FN:5,(anonymous_0)
FN:10,(anonymous_1)
FN:17,(anonymous_2)
FN:20,(anonymous_3)
FN:27,(anonymous_4)
FNF:5
FNH:0
FNDA:0,(anonymous_0)
FNDA:0,(anonymous_1)
FNDA:0,(anonymous_2)
FNDA:0,(anonymous_3)
FNDA:0,(anonymous_4)
DA:5,4
DA:7,0
DA:8,0
DA:10,0
DA:11,0
DA:12,0
DA:13,0
DA:14,0
DA:25,0
DA:27,0
LF:10
LH:1
BRDA:11,0,0,0
BRDA:11,0,1,0
BRDA:15,1,0,0
BRDA:15,1,1,0
BRDA:15,2,0,0
BRDA:15,2,1,0
BRF:6
BRH:0
end_of_record
TN:
SF:src/Components/SharedComponents/Modal.jsx
FN:4,(anonymous_0)
FN:7,(anonymous_1)
FN:8,(anonymous_2)
FN:14,(anonymous_3)
FN:22,(anonymous_4)
FN:33,(anonymous_5)
FN:39,(anonymous_6)
FN:45,(anonymous_7)
FNF:8
FNH:7
FNDA:35,(anonymous_0)
FNDA:35,(anonymous_1)
FNDA:4,(anonymous_2)
FNDA:35,(anonymous_3)
FNDA:0,(anonymous_4)
FNDA:35,(anonymous_5)
FNDA:35,(anonymous_6)
FNDA:22,(anonymous_7)
DA:4,4
DA:5,35
DA:7,35
DA:8,35
DA:9,4
DA:10,0
DA:13,35
DA:14,35
DA:15,35
DA:19,35
DA:22,0
DA:33,4
DA:34,35
DA:39,4
DA:40,35
DA:45,4
DA:46,22
LF:17
LH:15
BRDA:9,0,0,0
BRDA:9,0,1,4
BRDA:19,1,0,13
BRDA:19,1,1,22
BRDA:22,2,0,35
BRDA:22,2,1,35
BRF:6
BRH:5
end_of_record
TN:
SF:src/Components/SharedComponents/Modalpicture.jsx
FN:4,(anonymous_0)
FN:7,(anonymous_1)
FN:8,(anonymous_2)
FN:14,(anonymous_3)
FN:22,(anonymous_4)
FN:33,(anonymous_5)
FN:39,(anonymous_6)
FN:45,(anonymous_7)
FNF:8
FNH:0
FNDA:0,(anonymous_0)
FNDA:0,(anonymous_1)
FNDA:0,(anonymous_2)
FNDA:0,(anonymous_3)
FNDA:0,(anonymous_4)
FNDA:0,(anonymous_5)
FNDA:0,(anonymous_6)
FNDA:0,(anonymous_7)
DA:4,4
DA:5,0
DA:7,0
DA:8,0
DA:9,0
DA:10,0
DA:13,0
DA:14,0
DA:15,0
DA:19,0
DA:22,0
DA:33,4
DA:34,0
DA:39,4
DA:40,0
DA:45,4
DA:46,0
LF:17
LH:4
BRDA:9,0,0,0
BRDA:9,0,1,0
BRDA:19,1,0,0
BRDA:19,1,1,0
BRDA:22,2,0,0
BRDA:22,2,1,0
BRF:6
BRH:0
end_of_record
TN:
SF:src/Components/SharedComponents/Report.jsx
FN:5,(anonymous_0)
FN:10,(anonymous_1)
FNF:2
FNH:0
FNDA:0,(anonymous_0)
FNDA:0,(anonymous_1)
DA:5,4
DA:7,0
DA:8,0
DA:10,0
DA:12,0
DA:13,0
DA:14,0
DA:15,0
DA:21,0
LF:9
LH:1
BRDA:12,0,0,0
BRDA:12,0,1,0
BRDA:16,1,0,0
BRDA:16,1,1,0
BRF:4
BRH:0
end_of_record
